2.2902865571007167
2.558758559752595
2.2006367141960363
2.2910374462860656
2.1470856102003646
2.1534485407066053
2.3551439319594385
2.0818238993710696
2.1191772748703444
2.1859279609279607
2.302677376171352
2.378444742529249
2.225139146567719
2.0837301587301584
2.221595071595072
2.4731682539682542
2.2328518518518523
2.2734897796048874
2.0961123941493454
2.1292066538707615
3.2811594202898555
2.138219178082192
2.434411050394657
2.293640350877193
2.347214232449131
2.2298425196850395
2.2553613053613057
2.3005303760848603
2.1929212454212457
2.1379251700680277
2.1766369047619043
2.174364123159304
2.2404496774978706
2.2913112164297
2.1124197342488387
2.098888888888889
2.088128249566725
2.8290346991509767
2.103954337398597
2.447804214015152
2.3750086058519897
2.1187549880287313
2.158591065292096
2.15
2.228375689898601
2.2052716648016912
2.1595698789630178
2.279815873015873
2.2604838709677417
2.1658971513829344
2.250629049506196
2.207161458333333
2.1693112345055807
2.338690476190476
2.1339468302658484
2.199758953168044
2.353551912568306
2.1214961161769677
2.1544538634596266
2.303073510773131
0
3.1866795366795366
2.2186656311954644
2.098017174082748
2.1396329365079363
2.196529596529597
2.1850595027002906
2.18367442482611
2.2236904761904768
2.2087227414330215
2.4987254901960783
2.1618290517961567
2.266576738609113
2.3019412878787873
2.0922839506172837
2.1319023569023567
2.12370729455217
2.4184575441081018
2.217003729202524
2.6163696369636966
2.217428869357962
2.541551326412918
2.1317260138476755
2.0803125000000002
3.0198563218390824
2.1953974047039746
2.154932502596054
2.047348484848485
2.243243243243243
2.2017382413087936
2.1164209664209666
2.1678909179709214
2.337345679012346
2.548423423423423
2.132161458333333
2.2954911886014244
2.1672877846790892
2.2
2.1009523809523807
2.3912719216126814
