17.999362854412233
16.606140640475402
11.034912718204488
17.02728127939793
11.462574381459442
19.405320813771517
33.93273393273393
8.258024306637582
12.577833125778332
12.210394489668127
7.747355320472931
20.240734874881216
12.218343383052998
19.855026788528207
36.008813345923826
11.620700340873876
14.150943396226415
13.238095238095237
13.368323556653289
16.220423412204234
3.5482875655661834
11.331884507916797
34.3125
12.179487179487179
23.136645962732917
20.40488431876607
8.865468071915684
64.31007751937985
8.032128514056225
17.5759454432734
10.71087025820848
7.810539523212046
15.885167464114833
19.87441130298273
23.1244211176289
7.4650077760497675
17.77024946104096
21.16836232359698
18.58954531394989
23.83612662942272
13.054419628814093
11.1145606954362
15.2276295133438
8.319844609906118
11.641041732036397
11.86860861481252
47.19800747198008
12.026940346375882
9.717868338557993
40.615976900866215
23.575210214886326
8.075709779179812
26.875593542260205
8.692952499223844
5.076300218000623
15.423836838750796
9.55513784461153
8.719851576994433
21.512709237445755
8.260050251256281
0.0
9.183990071362084
39.84152139461173
9.42521631644005
10.609409535838331
14.95646766169154
14.748427672955975
22.849807445442877
17.67676767676768
17.404033832140534
15.977443609022558
14.596670934699105
17.763578274760384
22.320862396956244
8.398133748055987
12.583412774070544
23.38082901554404
8.542394410924103
20.75
15.610510046367851
30.290587492103597
18.006230529595015
20.93167701863354
9.882643607164916
18.153364632237874
12.696941612604263
10.239234449760765
8.281053952321205
3.5875888817065285
5.073140367258015
13.175785043703463
19.373837569745817
3.3457249070631967
11.878009630818621
20.01876759461996
8.107245451643792
10.087719298245613
24.646074646074645
5.501414649481296
23.703013358185775
