1,239544804,34.47031,132.44625,45,45,1721,30261,0.262734,24.034884,474.887481,203.183574,4.720000
2,2590152079,35.76615,139.78125,5,8,224,30089,0.504259,68.389510,253.805283,280.433437,4.080000
3,609989771,34.70171,135.50625,1,5,5,30055,0.251036,22.497913,292.229804,184.563310,4.280000
4,2222305861,38.26527,140.88375,19,19,19,29896,0.219391,29.166973,505.904966,240.203020,3.540000
5,364058329,34.77113,137.37375,1,414,490,29901,0.262457,36.241409,249.714363,139.310623,3.430000
6,949865268,35.65045,139.30875,1,74,334,30411,0.240802,20.533365,164.766996,154.802527,5.160000
7,1147559046,35.81243,139.82625,5,117,1442,30071,0.265564,36.096434,259.619538,279.925928,4.170000
8,2447343002,34.74799,135.50625,1,2,136,29974,0.169217,22.108256,252.907847,196.741746,4.040000
9,2583213432,35.90499,139.42125,1,87,1124,30149,0.300668,30.892009,145.415298,134.601628,3.940000
10,1093887584,34.72485,137.46375,1,465,6327,29575,0.325259,47.014068,251.267483,139.796407,3.910000
11,530949163,34.97939,135.91125,1,116,665,30015,0.297691,44.996935,246.451151,175.835984,4.210000
12,850809871,34.12321,134.56125,1,357,4887,30195,0.260158,21.445247,336.653864,183.421570,4.540000
13,2379615794,35.74301,139.64625,4,4,221,30202,0.322626,29.123674,247.802928,274.873042,4.520000
14,1690937498,35.14137,136.06875,1,1055,3379,30162,0.352308,41.188619,248.301732,163.577364,4.480000
15,1041226908,34.74799,135.34875,1,44,44,30293,0.385854,27.417987,234.980029,190.980050,4.920000
16,167789720,35.69673,139.75875,1,1,6,30315,0.551213,23.379689,80.716196,152.925034,4.560000
17,1065581316,34.70171,135.48375,1,2,20,29806,0.271534,28.974432,254.120344,199.003697,3.000000
18,1905081079,33.54471,130.35375,5,5,125,30169,0.187065,18.046356,645.394790,282.023316,4.180000
19,1307023502,34.86369,136.47375,1,901,901,30040,0.117834,8.513533,267.970799,144.876956,3.930000
20,1026225318,34.70171,135.52875,1,1,22,30124,0.597448,37.095921,241.381561,187.748908,3.990000
21,873088081,37.43223,140.38875,13,441,1845,30152,0.329526,36.011181,411.684251,248.155080,4.330000
22,224471714,34.95625,135.77625,1,1,1,30234,0.134420,12.164532,192.556048,176.944657,4.400000
23,2345655476,35.81243,139.80375,5,94,730,30118,0.235176,29.171603,258.129335,279.518990,4.370000
24,2606531006,34.67857,134.98875,1,246,609,30245,0.476671,64.174349,288.258240,190.588522,4.900000
25,1641143118,36.04383,136.22625,1,716,952,30166,0.324112,46.976342,280.879657,130.662193,4.390000
26,435800611,36.43721,139.35375,5,741,6202,30229,0.255328,27.337887,288.326712,241.443830,4.180000
27,452037373,34.95625,135.77625,1,1,1,30045,0.195519,28.456781,247.115039,183.077382,3.760000
28,1259896836,36.13639,139.62375,4,1237,4548,29992,0.146864,12.696852,273.774139,261.984111,3.540000
29,268576503,35.62731,138.52125,4,542,2294,30365,0.227001,30.577237,246.778197,195.281233,5.230000
30,443653120,35.62731,139.30875,2,202,552,30070,0.207271,17.231684,213.093658,252.920796,4.160000
31,151899392,35.69673,140.65875,2,2642,8044,30271,0.192171,15.982613,288.209725,285.043820,4.870000
32,1963111747,34.63229,133.90875,2,154,722,30200,0.270601,26.067043,366.277416,183.273924,4.590000
33,113604371,34.70171,136.49625,1,359,2352,30373,0.325357,28.942752,244.846909,105.311592,5.500000
34,1922912161,34.60915,135.52875,1,2,85,29846,0.390369,77.779534,321.533819,312.401416,3.900000
35,1659336752,36.32151,139.46625,4,787,1983,30193,0.243373,23.656402,282.887692,249.402721,4.410000
36,520270980,35.71987,139.55625,3,80,620,29881,0.213943,17.454789,209.295895,272.455160,4.470000
37,1287956666,34.97939,132.19875,52,3442,5437,30225,0.395773,39.095939,489.781208,198.598273,4.410000
38,149567845,35.58103,139.66875,2,5,151,30048,0.440226,36.427750,209.841405,276.584107,3.740000
39,196477184,34.77113,135.50625,4,6,6,29618,0.233558,17.197747,281.462583,175.755835,3.580000
40,772643624,35.67359,139.69125,4,4,19,29793,0.135562,9.477017,206.816208,281.768308,3.340000
41,1384968312,33.47529,130.53375,4,643,924,29991,0.274060,54.900239,688.078443,359.522416,4.140000
42,512645352,33.56785,130.35375,4,4,122,30125,0.303047,50.840526,643.988352,281.750942,4.210000
43,1279375561,43.12467,141.28875,9,9,923,30065,0.323013,64.254220,899.826214,342.823552,3.830000
44,567364315,35.58103,139.57875,5,129,543,29577,0.334661,31.466470,314.866040,309.400013,3.730000
45,951290221,32.82737,130.80375,4,24,4009,30267,0.359886,36.230550,645.101984,260.346147,4.800000
46,1399522368,33.63727,130.66875,4,601,1897,29574,0.226534,50.911784,672.688356,353.941938,3.610000
47,984012882,35.69673,139.91625,1,52,523,30048,0.144919,12.773302,135.405028,177.129924,3.780000
48,512793926,34.40089,135.30375,1,49,49,30226,0.446608,64.669172,277.912701,190.037305,4.690000
49,144580080,34.72485,135.50625,1,2,34,30289,0.348014,31.058707,253.149558,198.094440,5.170000
50,523276726,35.65045,139.28625,5,279,1185,30074,0.302766,63.775906,325.077485,294.726540,3.970000
51,1701009932,26.27875,127.74375,60,67,393,30144,0.605531,57.469249,1339.598428,229.588613,4.310000
52,350800915,35.67359,139.87125,1,1,114,30429,1.092811,36.092482,89.115390,153.393058,5.240000
53,255741633,34.72485,135.50625,1,1,15,30373,0.423790,25.445722,242.522402,187.846658,5.190000
54,129728570,35.95127,139.69125,2,35,744,30347,0.294942,24.075253,224.629714,274.734426,5.020000
55,251939849,34.72485,135.52875,1,2,146,29975,0.314996,52.608036,317.328125,311.096692,3.830000
56,1060409904,42.96269,144.10125,190,11914,11914,30161,0.308486,45.096253,1073.560244,215.625347,4.100000
57,837864090,39.72309,140.14125,18,104,104,30303,0.184037,18.416999,609.686336,198.526566,4.830000
58,2816926939,31.60095,130.98375,33,2006,2006,30261,0.302179,35.971389,707.285989,238.586037,5.010000
59,259466613,39.19087,140.47875,3,3367,3367,29609,0.094968,7.172239,513.852507,252.595000,3.170000
60,276110231,35.11823,136.99125,1,13,458,30227,0.226017,17.068658,245.544525,140.004590,4.550000
61,856074308,33.66041,130.44375,4,4,61,30151,0.340535,49.779606,634.685638,278.507581,4.360000
62,161251058,35.81243,139.57875,2,145,145,30239,0.272096,27.171610,213.099325,273.004042,4.790000
63,2540906778,35.71987,140.09625,5,230,499,29775,0.251393,36.461095,278.695050,281.737710,4.430000
64,469106036,34.51659,135.79875,1,401,466,30245,0.314323,34.216049,255.356149,182.569359,4.760000
65,802210597,38.14957,140.88375,14,258,2352,30414,0.215050,17.756670,463.354163,245.980229,5.250000
66,217641481,38.26527,140.88375,7,7,7,30210,0.241747,25.391523,355.807661,168.600818,4.060000
67,1180813808,34.77113,135.50625,1,3,37,30185,0.431591,52.539995,253.210272,195.784108,4.330000
68,861654374,35.88185,139.80375,6,355,1149,30154,0.364034,72.537329,341.471117,307.688448,4.390000
69,2379973542,35.58103,139.53375,2,63,1714,29957,0.113036,8.981872,210.196358,267.904622,3.430000
70,1173665124,34.58601,133.75125,18,459,459,30201,0.337118,33.438429,378.840459,184.622337,4.480000
71,1255053265,34.63229,135.59625,1,2,109,30028,0.357863,49.336283,252.655676,194.468972,3.800000
72,1542791966,35.69673,139.73625,4,4,32,30046,0.129053,10.756476,207.772363,284.336638,4.020000
73,245707019,33.66041,130.44375,4,4,60,30205,0.255594,42.722974,634.685638,278.507581,4.770000
74,233564475,35.60417,139.73625,2,4,56,30408,0.306826,30.003224,210.540334,280.721622,5.320000
75,463781570,34.74799,135.37125,1,92,607,30053,0.219458,37.540315,325.302913,309.187225,3.910000
76,1727478990,34.77113,134.83125,1,379,910,30283,0.354262,31.963238,298.899452,187.970501,4.520000
77,1288480148,34.77113,135.55125,1,3,96,29923,0.419307,58.168861,251.578084,194.873962,4.030000
78,1640696234,34.70171,135.50625,1,1,1,29976,0.355071,14.306715,180.400042,180.060583,3.270000
79,267630739,35.65045,139.91625,5,102,283,30211,0.265583,35.912493,261.788803,281.173007,4.690000
80,2261387623,35.81243,139.80375,5,104,749,30168,0.418560,58.432131,258.129335,279.518990,4.430000
81,165376026,34.74799,135.52875,1,2,49,30417,0.323263,24.487026,243.189921,187.195709,5.660000
82,1307503608,33.66041,130.44375,4,4,56,30235,0.422091,79.876617,687.449389,358.916846,4.570000
83,2352734053,33.79925,132.71625,34,63,1855,30172,0.280325,44.103867,504.846018,310.475302,4.200000
84,14486937,35.67359,139.75875,1,1,2,30076,0.682256,21.072901,44.201267,119.029222,3.990000
85,2400955056,34.63229,135.50625,1,2,43,29995,0.357129,65.842028,320.738114,313.069260,3.840000
86,2283394298,35.74301,139.60125,5,5,248,29454,0.454898,59.163615,246.794152,272.363828,3.230000
87,12740302,43.07839,141.33375,7,7,106,30309,0.191866,18.473832,837.641186,296.653884,4.970000
88,209962510,32.78109,129.88125,4,67,1098,30232,0.280673,50.715494,773.822755,362.289469,5.170000
89,176022564,35.71987,139.87125,2,8,280,30163,0.161836,12.935280,218.330561,285.704457,4.490000
90,798207258,34.77113,135.48375,1,2,231,29901,0.176808,20.036778,254.222096,196.011043,3.800000
91,719204274,40.46357,141.40125,114,282,9436,30037,0.438856,63.372578,725.969408,212.077491,4.280000
92,2546941431,36.57605,139.91625,2,99,99,29993,0.238132,21.370073,284.243941,262.444380,4.050000
93,2316697752,34.26205,135.30375,1,457,1698,30247,0.272803,54.518317,353.332832,308.801110,4.640000
94,2392406869,34.49345,133.39125,52,248,248,29954,0.436043,53.180134,405.678802,187.353828,3.670000
95,871351716,38.91319,141.10875,19,761,2362,30151,0.288828,39.436374,572.574393,232.038908,4.310000
96,1404130836,34.63229,135.50625,1,2,41,30045,0.361962,53.741871,254.745592,197.704363,4.010000
97,65295947,34.70171,135.59625,1,2,388,30496,0.223775,20.987404,212.749690,178.416914,5.440000
98,433470098,34.65543,135.55125,1,2,106,30174,0.396192,50.917452,252.418961,196.969212,4.340000
99,155468229,35.95127,136.18125,1,1381,3229,30116,0.452820,41.523216,277.840330,133.740598,4.620000
100,1291605985,33.19761,129.72375,4,372,1588,30112,0.187136,16.569037,713.336027,281.630107,3.960000
101,1251592742,34.47031,135.57375,1,264,307,30217,0.262119,23.446810,262.593229,189.886896,4.510000
102,774936086,34.97939,138.49875,2,222,969,30379,0.336485,31.409425,237.961281,183.419013,5.290000
103,1366040508,34.77113,134.85375,1,430,1074,30118,0.525092,87.772132,358.886993,299.925498,4.550000
104,574540447,35.69673,139.69125,2,2,2,30021,0.243858,22.886202,206.792539,282.213887,4.470000
105,1171111957,42.45361,141.17625,10,3286,6148,29902,0.352192,62.534645,842.310041,312.571270,3.760000
106,2213829625,40.53299,141.55875,114,225,2699,30093,0.332522,44.878415,738.927646,213.655797,4.190000
107,365448337,34.79427,134.58375,1,509,1961,30171,0.234798,37.887803,376.728024,295.498282,4.370000
108,710931217,34.95625,135.77625,1,1,1,30131,0.210487,16.377900,247.658237,183.440236,4.270000
109,1605418202,35.41905,139.64625,6,35,693,29766,0.383844,86.643405,372.430162,289.840003,3.420000
110,20663187,35.90499,139.62375,1,15,15,30356,0.610177,32.287708,122.839145,146.358378,5.130000
111,1484035946,35.90499,139.42125,3,53,939,30056,0.126602,17.199037,321.684160,217.473686,3.530000
112,508832496,34.67857,135.16875,1,20,56,30266,0.245084,26.981010,276.072291,193.874128,4.820000
113,1394633004,35.90499,139.80375,5,347,859,30013,0.270607,39.054169,264.285185,276.575270,4.060000
114,1410301848,34.70171,135.57375,1,2,53,29917,0.216695,25.853913,250.959268,196.001069,3.660000
115,2418839430,36.29837,140.43375,4,544,3662,30155,0.252073,30.998227,331.740337,276.154574,4.430000
116,128772270,34.60915,133.99875,5,73,18331,30245,0.177656,21.352308,400.274300,174.104774,3.930000
117,876678169,34.47031,135.46125,1,36,331,30251,0.188426,32.554304,266.377270,191.825210,4.430000
118,1339899812,34.81741,136.54125,1,703,2755,30073,0.217583,29.292788,246.324225,150.855999,3.710000
119,2244664212,34.42403,135.32625,1,37,267,30180,0.338139,50.568437,275.625219,190.920424,4.380000
120,467051116,35.83557,139.75875,2,104,840,30425,0.313958,25.528569,217.834336,281.255083,5.520000
121,1322390911,34.65543,135.48375,1,1,40,30283,0.427045,93.153629,320.381283,313.319316,4.580000
122,1960926828,35.76615,139.51125,3,51,451,29649,0.289369,27.189058,234.169916,261.297520,2.720000
123,1130742385,35.67359,139.55625,5,129,912,29759,0.263329,44.697677,326.753713,308.678638,3.590000
124,2759756012,34.88683,135.19125,1,892,1608,30034,0.193194,15.238663,273.767970,190.345557,4.010000
125,2417561761,34.67857,135.82125,1,180,180,29550,0.433272,64.297258,249.060624,183.923445,3.950000
126,1222119391,40.67183,140.61375,137,2370,4721,30333,0.239103,27.618241,717.332543,194.866696,4.930000
127,14090986,35.65045,139.69125,1,1,4,30411,0.302660,21.241160,158.721357,186.989797,5.640000
128,610485086,43.05525,141.33375,13,13,76,30098,0.434785,55.275525,976.799676,179.749931,4.710000
129,415718294,35.09509,137.19375,1,408,3949,30345,0.241273,24.290437,245.578082,139.755602,5.320000
130,1522346966,34.74799,134.85375,1,432,432,30357,0.310801,49.474645,296.952679,188.085687,5.090000
131,2173056174,36.32151,139.69125,4,625,4607,30220,0.294774,28.582673,289.881520,259.215509,4.600000
132,1203329964,34.70171,135.55125,1,2,53,30111,0.249571,36.041942,251.519613,197.152608,4.360000
133,2222935394,34.67857,135.61875,1,19,69,30142,0.359747,53.254086,250.818940,193.955051,4.250000
134,434154566,34.88683,132.08625,41,1406,1470,30233,0.275025,29.888721,537.153434,201.212759,4.610000
135,448625358,34.95625,135.77625,1,1,1,30121,0.131468,9.032942,280.211701,172.536732,4.200000
136,480312019,35.99755,139.37625,1,1,1,18447,2.163814,86.615754,126.818764,133.450003,0.180000
137,1620765187,33.59099,130.39875,3,3,3,30124,0.494263,67.746483,639.227202,281.776104,4.180000
138,946040665,34.79427,135.68625,1,37,482,30130,0.204467,45.587951,278.333405,315.108139,4.020000
139,1264804549,35.60417,139.69125,4,7,550,30151,0.266401,39.444400,247.564347,275.342314,4.540000
140,1277490096,37.89503,138.99375,81,160,2449,30173,0.433196,43.492904,404.064758,196.377173,4.280000
141,1961732390,34.00751,130.93875,4,855,855,30088,0.347336,37.135621,591.523475,253.395992,4.190000
142,515105134,38.28841,140.27625,1,1,1,28986,1.372646,24.985344,421.426806,264.370304,2.610000
143,2443761168,35.74301,139.96125,4,137,1656,29869,0.341081,30.387666,266.792260,282.297051,3.710000
144,1193004402,35.62731,140.11875,5,151,491,30163,0.406509,56.786032,279.814053,280.572328,4.230000
145,264027708,33.59099,130.39875,4,4,4,30288,0.230508,32.849824,679.678060,285.704852,4.900000
146,1291523996,35.65045,139.73625,2,2,23,30090,0.200151,16.707002,208.369609,283.072287,3.910000
147,64376330,35.65045,139.73625,2,2,22,30307,0.272109,22.227532,120.504162,175.644216,5.370000
148,524405086,35.37277,139.26375,5,140,140,30218,0.202868,21.833988,248.042698,238.784360,4.340000
149,854151000,35.11823,137.05875,1,390,1841,30110,0.285791,25.246263,245.525754,139.684454,4.140000
150,358491269,34.74799,135.34875,1,37,37,30282,0.212949,17.544572,234.980029,190.980050,4.820000
151,316338153,35.55789,140.36625,1,2032,2032,30055,0.187167,17.301047,213.506341,189.229475,3.450000
152,1966488300,34.63229,136.13625,1,127,127,30144,0.204433,26.384099,250.048970,168.306805,3.960000
153,378992144,31.73979,130.64625,34,1421,1421,30341,0.378868,38.360823,758.645584,248.672135,4.830000
154,95658909,35.65045,139.30875,1,31,172,30491,0.656164,41.424366,131.987472,143.672456,5.650000
155,122230354,35.65045,139.69125,2,2,5,30200,0.212999,18.289207,207.122777,281.137330,4.330000
156,1078624328,39.67681,140.09625,59,162,2060,30045,0.222329,22.428175,578.863925,201.377043,4.070000
157,570511646,34.77113,135.39375,1,77,698,30076,0.353170,49.691099,259.296063,195.724837,4.350000
158,2236654922,34.53973,135.95625,1,754,754,30124,0.143166,12.217632,237.997657,157.358741,4.040000
159,1073297624,34.79427,135.43875,1,37,452,30081,0.147588,13.294106,257.383747,195.586702,4.150000
160,1388936509,40.62555,140.47875,138,402,402,30153,0.311321,33.047628,708.320907,192.997798,4.310000
161,175190668,43.70317,142.50375,9,952,952,30096,0.221891,13.782676,911.956507,285.076222,3.610000
162,2224747368,35.88185,139.84875,4,341,800,30202,0.203088,28.451390,265.378489,278.392397,4.230000
163,266868398,35.69673,139.78125,1,1,1,30179,0.315624,31.640123,209.992298,285.590552,3.880000
164,1564884114,35.55789,139.64625,4,40,197,30125,0.147099,12.724498,210.967690,273.991765,4.110000
165,1971771986,35.71987,139.44375,2,79,646,30236,0.173504,13.503538,211.320685,264.108666,4.630000
166,225347800,35.44219,139.35375,3,194,194,30543,0.332362,30.795995,215.882748,250.660770,5.990000
167,2349790928,34.77113,135.48375,1,2,182,30171,0.406224,42.458583,254.419610,196.160435,4.100000
168,2572839924,34.67857,133.90875,2,144,259,30143,0.201836,20.750544,366.236505,183.352594,4.380000
169,115694863,35.62731,139.73625,1,1,13,30436,0.261051,21.493034,121.804614,174.415833,5.000000
170,123086392,35.74301,139.80375,2,2,61,30124,1.170165,45.337725,131.389698,181.214816,3.890000
171,372148063,35.11823,136.90125,1,13,262,30262,0.124262,10.196397,258.215896,136.107960,4.480000
172,2316545612,34.63229,135.55125,1,2,192,30225,0.264241,33.567744,253.645998,196.523225,4.380000
173,2377544305,34.49345,135.41625,1,37,81,30207,0.284663,32.403037,267.403621,193.329469,4.310000
174,2412204253,42.59245,140.72625,13,4470,4470,29871,0.187447,15.817713,913.081782,174.602992,4.010000
175,1017451278,34.72485,135.25875,1,17,228,30175,0.456537,62.819001,268.734439,194.800662,4.460000
176,1078402578,35.95127,139.64625,5,78,679,30000,0.290987,43.117134,260.703255,269.244824,4.100000
177,500725289,35.09509,136.85625,1,15,1434,30033,0.186381,36.401121,314.521475,259.063473,3.800000
178,933431935,32.78109,130.73625,4,23,304,30431,0.386985,59.375363,652.458410,261.458962,5.360000
179,1605457644,34.67857,135.03375,1,389,399,28950,0.147172,10.308301,325.340195,178.061073,3.170000
180,210067206,34.95625,135.77625,1,1,1,29976,0.117553,9.063817,280.211701,172.536732,3.430000
181,511707375,34.95625,135.77625,1,1,1,30158,0.170266,12.391760,232.683486,166.153019,4.280000
182,800354827,41.80569,140.77125,8,474,621,30117,0.337129,75.666565,780.737781,275.613839,4.130000
183,14204588,35.44219,139.64625,1,4,12,30042,1.904171,62.197876,83.621784,121.770788,3.650000
184,1113819804,34.65543,135.61875,1,19,70,30045,0.370417,60.841551,317.850015,309.937955,3.680000
185,1691364582,34.70171,135.50625,1,2,3,30171,0.533484,47.427782,252.881763,199.060358,4.810000
186,1745119051,35.97441,139.78125,4,157,1345,30110,0.231017,16.920706,229.597504,277.240717,3.710000
187,471797561,34.72485,135.50625,1,2,39,30338,0.352890,28.118182,253.149558,198.094440,5.160000
188,2238867241,35.00253,138.49875,2,349,1357,30198,0.252914,22.471069,237.171547,184.040910,4.310000
189,1264224049,42.98583,141.58125,14,1205,5301,30243,0.159758,15.996703,906.584976,101.289534,3.910000
190,1237361484,36.20581,140.27625,5,2256,3227,30180,0.345681,36.387795,314.983241,276.284904,4.750000
191,14298191,34.49345,135.79875,1,384,1069,30216,0.233030,25.394571,216.643689,163.282177,4.320000
192,315269319,35.28021,136.92375,1,515,1232,29980,0.477746,44.683555,221.885040,155.885015,3.700000
193,265394758,35.67359,139.89375,1,45,295,29940,0.240895,19.784365,171.251990,191.761124,3.840000
194,88378344,35.02567,137.08125,1,319,347,30003,0.142448,17.107788,198.626924,164.915858,3.590000
195,2368516548,39.67681,140.11875,108,190,872,29994,0.235127,19.785956,604.491604,198.718383,3.900000
196,217503187,37.38595,140.50125,19,466,5614,30553,0.502416,49.903971,413.785425,251.639007,6.020000
197,110738185,35.71987,139.75875,2,2,88,30148,0.273042,20.199843,209.629375,284.856312,4.310000
198,578061068,41.78255,140.77125,8,488,488,30333,0.359436,79.456851,778.915721,274.689583,4.840000
199,135820704,35.16451,136.92375,1,13,128,29819,0.357034,36.720081,245.734573,140.312357,4.400000
200,123902578,35.76615,139.71375,2,2,125,30427,0.286754,21.708262,150.970302,176.080575,6.030000
201,619563289,34.79427,135.66375,1,41,146,29771,0.443841,71.698918,314.635505,304.835516,4.140000
202,525924182,35.30335,136.96875,1,560,3047,30324,0.308231,31.867704,246.794761,139.195501,5.420000
203,1069980397,35.71987,139.87125,5,11,305,30018,0.517117,68.451299,258.869404,281.792417,4.650000
204,739682424,35.78929,139.73625,2,10,1372,30316,0.231926,20.474973,151.248617,174.712772,4.870000
205,990946584,35.30335,136.81125,1,140,157,30385,0.433158,35.326507,195.915944,165.896228,5.090000
206,338711320,35.71987,139.75875,2,2,50,30044,0.253193,22.121472,147.456260,177.760641,3.670000
207,145593779,35.83557,139.66875,2,39,346,30365,0.276734,23.467273,215.194313,277.552674,5.020000
208,2537278842,36.13639,139.44375,4,654,2654,29684,0.274268,21.006908,268.954428,253.251633,4.120000
209,2705716003,35.16451,136.87875,1,10,10,30081,0.167819,13.709285,196.497700,91.105052,3.720000
210,1495069705,35.85871,139.51125,5,353,781,30100,0.286168,49.788564,330.483254,300.881443,4.440000
211,303020771,35.69673,139.71375,2,2,6,30351,0.442719,46.909439,118.834457,176.243153,4.930000
212,53334082,33.59099,130.39875,5,5,5,30402,0.208973,16.380444,679.678060,285.704852,5.350000
213,2589539666,35.58103,139.51125,2,59,781,30506,0.388411,37.429320,210.426221,266.348054,5.670000
214,133173871,35.78929,139.66875,2,8,434,30256,0.235787,19.274264,124.799978,171.510220,4.980000
215,2431692206,43.81887,143.87625,190,1061,1061,29892,0.234786,37.065468,1067.268087,343.599892,3.850000
216,382065812,35.71987,139.64625,4,4,172,30103,0.412043,43.913123,246.124380,275.766588,4.750000
217,1607675306,34.70171,137.39625,1,334,3308,30257,0.147347,10.978153,258.566710,136.502222,4.590000
218,1447774392,35.67359,139.73625,2,2,17,30324,0.412157,38.290111,207.733287,283.941038,4.940000
219,537971182,35.71987,139.71375,1,1,4,29902,1.414093,39.230372,72.754613,132.975926,2.990000
220,136842868,34.60915,135.52875,1,2,134,30158,0.286412,17.814196,247.227346,188.114966,4.280000
221,2444278603,35.65045,139.71375,5,5,19,29916,0.222580,28.616005,246.661888,278.825923,4.210000
222,949537056,34.77113,138.09375,14,2011,5399,29780,0.216207,30.708272,254.057378,157.220576,3.010000
223,103753608,35.32649,139.55625,1,29,29,29599,0.383412,25.867849,224.506420,253.583274,2.540000
224,514179142,35.69673,139.87125,5,12,364,29950,0.305869,36.734534,258.351368,281.721524,3.560000
225,1650214752,34.72485,134.24625,1,4821,6293,30099,0.293526,32.372457,340.812149,182.914806,4.400000
226,1512016094,34.72485,135.57375,1,2,65,30122,0.421694,60.383626,250.795720,195.575260,4.500000
227,914161580,33.42901,130.53375,4,723,2580,30205,0.388624,45.966808,635.776078,275.537725,4.480000
228,1412525966,34.70171,135.21375,1,19,207,30131,0.410881,52.338356,271.988834,194.089280,4.490000
229,1247965164,33.24389,130.30875,4,413,856,30017,0.393766,36.522630,662.002313,278.026353,4.290000
230,559036266,35.69673,139.78125,1,1,1,30160,0.649775,25.935413,81.734052,153.414530,4.110000
231,152221291,34.95625,135.77625,1,1,1,29549,0.123703,8.834553,247.658237,183.440236,3.780000
232,1214357292,34.44717,135.46125,1,35,321,30067,0.310857,45.220675,267.580626,190.759213,3.800000
233,2168543431,33.96123,134.65125,1,2878,6285,30162,0.270914,29.562989,338.757817,180.125636,4.370000
234,367190744,34.67857,133.93125,1,21,151,30317,0.276667,28.017440,329.876353,174.764706,4.920000
235,1412054604,34.95625,135.77625,1,1,1,30065,0.187775,15.110718,247.658237,183.440236,3.780000
236,1967716092,36.04383,136.22625,1,749,829,30251,0.371746,45.379901,280.879657,130.662193,4.770000
237,1628215200,35.74301,139.78125,5,5,116,29653,0.379251,54.344090,252.479354,281.031517,4.090000
238,12909502,35.46533,139.35375,2,197,1113,30494,0.255085,20.953855,215.146166,251.516759,5.790000
239,100789975,35.90499,139.62375,1,15,15,30357,0.348285,29.668520,122.839145,146.358378,5.240000
240,590937878,34.79427,133.61625,20,653,653,29992,0.608023,86.719955,385.869557,182.270614,3.710000
241,43638363,31.57781,131.38875,40,1735,1735,30244,0.258827,31.242114,682.872067,228.921157,4.800000
242,112365420,35.95127,139.98375,1,96,96,29828,0.643606,28.239229,143.969499,161.737508,2.950000
243,277333469,35.62731,139.73625,1,1,11,29716,0.860795,43.735702,83.037281,149.916683,2.870000
244,969955022,35.90499,140.63625,2,3060,3865,30017,0.161974,14.394084,290.171136,285.709353,3.780000
245,934550576,33.15133,130.42125,4,1987,3130,30169,0.403168,49.705824,656.904543,274.047201,4.410000
246,24153774,35.76615,139.87125,1,7,91,30135,0.677884,22.518011,91.730927,153.276266,4.230000
247,154905759,34.67857,135.16875,1,18,37,30125,0.207778,16.688211,315.859990,179.807823,4.560000
248,485522737,34.81741,135.41625,1,46,145,30133,0.767116,41.009142,186.654647,178.112844,4.090000
249,446709372,32.61911,130.19625,4,2818,2818,30272,0.254486,33.111986,701.415819,269.558323,4.590000
250,95899796,35.78929,139.26375,1,403,403,30376,0.748121,27.122899,76.716860,95.133585,5.150000
251,47659561,35.69673,139.91625,2,27,375,30348,0.579330,54.290525,315.939590,253.181251,4.990000
252,1894445749,34.79427,135.55125,1,25,131,30073,0.253533,46.836446,316.952984,307.333797,4.140000
253,625328796,35.46533,139.62375,1,1,1,29931,0.406495,21.221993,125.920204,163.093421,3.560000
254,629439980,26.25561,127.74375,63,63,350,29857,0.161662,13.367573,1377.560512,231.507526,3.380000
255,155137491,36.34465,139.06125,3,181,600,30206,0.167084,14.249541,201.654464,131.385884,4.470000
256,2206251361,34.58601,135.77625,1,373,1617,29875,0.458180,89.478232,320.020587,304.773542,3.830000
257,571544305,34.95625,136.54125,1,594,11847,30122,0.330984,60.719664,314.000715,270.358497,4.400000
258,1661029946,35.97441,139.78125,6,499,1575,30166,0.278352,55.392790,344.761177,302.538449,4.040000
259,773059680,35.44219,139.53375,5,19,2808,30111,0.362963,60.823524,332.342873,304.478753,4.100000
260,884618660,35.18765,136.92375,1,8,496,30052,0.109391,9.543096,195.646443,86.911342,3.690000
261,571035333,43.05525,141.49125,13,237,317,30291,0.241249,24.246373,981.647674,181.975365,4.750000
262,302075030,35.69673,139.78125,1,1,1,30275,0.370219,22.484350,110.499513,159.216366,4.930000
263,1323816834,35.44219,136.56375,1,497,8903,29921,0.350330,41.186054,251.096889,141.498029,3.780000
264,1079559270,38.26527,140.95125,19,19,1519,30234,0.406387,50.207964,509.273390,241.498585,4.800000
265,2162388578,35.78929,139.62375,5,25,226,30279,0.334577,33.018634,249.348036,272.998841,4.740000
266,177524041,33.56785,130.35375,4,4,129,30351,0.415064,51.455246,644.525848,282.221901,5.210000
267,395400949,34.79427,133.61625,25,1361,1361,30381,0.176079,15.690787,410.261867,188.668200,4.860000
268,2616772189,35.00253,135.93375,1,200,1505,30473,0.264363,25.282085,247.202256,174.369522,5.300000
269,82800019,35.69673,139.78125,2,2,2,30409,0.250034,18.652106,121.675354,178.264812,5.440000
270,1458981204,34.70171,135.50625,1,1,1,30135,0.299674,36.489168,252.555964,198.818741,4.060000
271,2479749306,36.11325,140.09625,2,297,297,30135,0.152146,12.082582,257.434185,279.889748,4.100000
272,102928789,32.91993,130.69125,8,1161,1340,30014,0.356253,33.731176,705.129588,283.468402,3.370000
273,1512415140,35.62731,139.60125,4,5,803,30314,0.348926,41.065359,245.489121,270.814768,4.960000
274,104402401,35.69673,139.66875,1,2,20,30222,1.240683,43.804852,7.018293,2.722671,4.780000
275,848647392,36.55291,138.13875,29,1320,1320,29663,0.091979,10.236144,286.419447,175.793315,2.730000
276,159542262,34.97939,135.75375,1,1,26,29724,0.465497,55.348888,248.462174,182.747513,4.350000
277,333811729,35.14137,136.92375,1,14,750,30050,0.238737,29.929487,245.303145,140.402296,3.830000
278,113022049,35.62731,140.14125,1,38,839,30555,0.561642,49.594462,167.568391,160.800575,6.060000
279,518045290,33.01249,130.44375,5,2279,3387,30323,0.186135,14.944871,702.428692,274.676422,4.850000
280,595525996,35.85871,139.66875,2,26,201,30157,0.217713,20.439299,216.922896,276.808369,4.140000
281,2721703909,34.72485,135.52875,1,2,89,29914,0.577701,56.364433,251.840517,197.199999,3.980000
282,252945795,35.69673,139.69125,1,1,2,30146,0.253849,16.419431,118.862269,174.942711,4.410000
283,2177378077,26.23247,127.78875,61,76,4209,30278,0.523816,58.623679,1340.818687,228.705018,4.630000
284,999020725,33.56785,130.35375,4,4,123,29946,0.336282,43.236234,643.988352,281.750942,4.100000
285,2175475712,34.79427,137.01375,1,2107,7128,29750,0.213353,20.762999,247.880460,139.986359,4.010000
286,1272006570,37.66363,138.92625,12,2444,3085,30137,0.194632,15.997486,381.687840,197.806373,4.070000
287,101987838,34.97939,135.75375,1,1,16,30526,0.396974,32.849969,234.097163,166.072777,5.860000
288,375452096,35.69673,139.93875,1,55,726,30146,0.898027,51.275217,123.866321,159.485155,4.230000
289,177888275,36.22895,140.32125,3,2174,2372,30181,0.185361,13.782754,280.272274,280.065493,4.490000
290,180971042,35.71987,140.05125,4,137,240,30205,0.244126,21.533208,234.196145,285.676794,4.620000
291,2418607674,32.80423,130.75875,4,30,220,29075,0.264670,35.330260,649.094349,260.761207,3.150000
292,1043945665,34.95625,135.77625,1,1,1,30207,0.161298,12.539856,232.683486,166.153019,4.900000
293,1284674970,35.41905,136.85625,1,465,2734,29948,0.448637,70.137008,248.529953,138.658471,3.630000
294,545529596,43.05525,141.49125,10,234,243,29960,0.363578,60.074101,899.433798,344.052042,4.320000
295,231355432,34.70171,135.50625,1,2,2,30249,0.183984,19.567792,244.153161,190.375043,4.610000
296,95120625,33.82239,130.73625,3,169,3861,30479,0.300679,38.475685,596.186677,247.603250,5.400000
297,2246558246,34.05379,135.25875,1,3389,7892,30058,0.333309,41.198244,301.147993,178.793896,4.010000
298,332139580,35.81243,139.44375,5,325,2052,30154,0.230875,26.110591,249.021203,260.559687,4.090000
299,1951209607,35.81243,139.60125,5,179,1196,30227,0.288264,36.029327,250.340437,271.056890,4.540000
300,923068982,26.23247,127.74375,64,64,717,30451,0.295209,22.024675,1379.529600,231.315027,5.970000
301,1675526834,34.49345,135.41625,1,31,61,30043,0.301186,51.518574,333.359005,311.346229,3.420000
302,118882587,34.97939,135.93375,1,193,646,30320,0.316779,21.550264,276.803981,164.702017,5.340000
303,802008944,35.85871,139.93875,4,207,1395,30291,0.271538,35.407268,270.396458,280.225969,4.530000
304,1351515288,34.70171,135.48375,1,2,19,29351,0.459704,58.698955,253.597396,198.610863,3.590000
305,630058497,34.65543,135.46125,1,2,56,30142,0.352960,40.977955,256.537654,198.792537,4.400000
306,1627709520,34.51659,133.43625,67,394,454,30091,0.559836,123.811293,420.012240,301.856962,3.820000
307,1445808403,34.63229,135.50625,1,2,44,30226,0.301607,24.754472,255.260419,198.090976,4.670000
308,303944248,34.63229,135.57375,1,2,87,30099,0.358703,63.148724,319.322604,311.518588,4.760000
309,1050582998,32.80423,130.73625,4,31,113,30087,0.220229,32.752833,650.732494,261.339383,3.890000
310,94807875,34.77113,135.61875,1,51,68,30310,0.208162,20.532269,195.975194,182.503981,4.780000
311,1251177848,26.34817,127.83375,57,212,679,29880,0.359451,40.065623,1328.396263,229.422786,3.540000
312,99648669,34.65543,135.50625,1,1,2,29424,1.043437,30.776537,217.894012,184.189988,2.440000
313,1032625338,34.95625,135.77625,1,1,1,29744,0.193488,14.354135,247.658237,183.440236,4.410000
314,927360582,34.74799,137.35125,1,174,450,30139,0.123080,12.666693,250.588928,138.940378,4.160000
315,1351710924,32.06375,131.50125,30,3964,4942,30239,0.385580,53.560797,641.942349,231.490044,4.700000
316,19270038,35.65045,139.69125,1,1,4,30143,0.771353,29.521699,81.159521,149.167419,4.210000
317,793495470,35.55789,140.11875,5,144,3512,30006,0.239669,28.423763,280.144762,278.963230,4.160000
318,2204875567,35.16451,136.72125,1,406,406,30084,0.224251,29.448925,245.532074,143.019836,4.020000
319,1294667701,33.59099,133.63875,47,101,3215,30266,0.346465,39.524493,419.531691,185.477113,4.630000
320,597912385,33.54471,133.50375,68,115,187,30065,0.256272,41.322531,494.165470,309.984299,3.940000
321,459075649,35.48847,139.62375,2,17,126,30167,0.152014,11.895235,214.218231,269.191294,4.390000
322,25789513,35.16451,136.87875,1,1,1,30235,0.186841,16.780985,181.445892,106.243656,4.290000
323,2195921311,43.00897,144.39375,1,1,1,30334,1.552071,33.840456,900.846983,325.873229,5.200000
324,308226485,35.71987,139.64625,4,4,169,30093,0.289073,31.634273,246.124380,275.766588,4.220000
325,1417407500,36.39093,140.43375,2,300,300,30358,0.261353,23.118270,298.565187,277.826831,5.340000
326,1631597527,35.55789,139.66875,2,19,76,30267,0.244309,23.169133,210.633295,275.643409,5.230000
327,259489077,37.94131,139.33125,18,1320,3060,30261,0.215213,16.662798,322.553506,106.968290,5.110000
328,2175777234,34.70171,133.93125,3,57,1275,30577,0.366788,36.448535,421.380385,175.946241,6.400000
329,545833879,33.59099,130.35375,4,4,134,29935,0.495526,61.420403,643.225920,281.723893,4.490000
330,2412652634,34.56287,136.65375,1,910,2445,29981,0.222623,26.050412,252.396162,146.985111,3.700000
331,373786415,35.60417,139.64625,5,7,465,30190,0.346500,51.442187,246.349694,272.974355,4.300000
332,2433089912,35.46533,139.42125,5,102,1179,30055,0.296529,43.215212,247.290632,252.563225,4.060000
333,825064045,34.42403,132.76125,51,603,3934,29937,0.215204,23.875978,452.198947,196.978775,3.680000
334,487478515,35.76615,139.84875,4,7,232,30298,0.250549,25.790835,218.400905,285.103528,4.820000
335,481934899,34.63229,133.79625,2,401,2063,30159,0.201034,30.444176,374.387312,183.502062,4.030000
336,1459223324,34.97939,134.96625,1,2615,2625,29891,0.361436,54.219959,289.250996,184.673925,4.020000
337,529131215,35.62731,139.71375,4,4,49,30272,0.495304,54.556668,247.339839,277.737045,4.710000
338,1259357280,33.89181,130.82625,3,284,983,30213,0.282024,26.459372,602.392843,260.265066,4.170000
339,131965657,36.13639,139.39875,2,337,337,29943,0.120733,11.867260,226.487113,235.042965,3.650000
340,2486571870,35.85871,139.96125,4,79,79,30431,0.354633,37.620550,231.937064,284.261633,5.610000
341,444638909,34.72485,135.28125,1,20,159,30088,0.309785,54.772139,331.325589,308.410213,4.090000
342,591321967,39.69995,140.09625,14,168,905,29899,0.182605,14.532030,606.038934,197.856192,3.570000
343,2479110732,34.72485,135.48375,1,2,59,30057,0.145700,12.879818,245.748570,189.865824,3.500000
344,2462529889,43.05525,144.82125,253,5549,6354,29486,0.311907,44.537357,1116.169179,221.572241,3.560000
345,107353430,35.81243,139.69125,3,53,531,30398,0.429445,62.774552,304.864498,246.857226,5.570000
346,78325212,35.67359,139.75875,1,1,2,30453,0.364697,19.106772,122.506789,176.140207,5.390000
347,1189030632,35.25707,137.08125,1,492,692,29435,0.119864,8.616343,246.059179,139.317146,3.050000
348,2171569670,34.42403,132.44625,53,53,1336,29572,0.208297,46.402174,530.023263,301.972574,3.370000
349,842682834,36.94629,140.86125,21,1261,3633,30129,0.234176,44.174883,453.812749,266.997703,4.140000
350,579523954,35.23393,136.96875,1,14,1786,30191,0.566625,97.606985,314.575764,253.082147,4.410000
351,2815479456,35.16451,136.72125,1,163,163,29880,0.142387,10.358830,245.532074,143.019836,3.720000
352,826628707,34.81741,137.23875,1,1251,1251,30328,0.246595,41.060196,248.397823,138.981746,4.800000
353,1059958988,42.68501,141.67125,13,1002,5801,30123,0.523955,54.581815,950.393174,188.504491,4.120000
354,817441398,34.95625,135.77625,1,1,1,30206,0.204169,15.253699,280.211701,172.536732,4.780000
355,131041755,34.88683,136.58625,1,711,1364,30273,0.215221,21.435823,246.135872,149.191240,4.560000
356,1383350568,35.69673,139.28625,5,226,1614,30125,0.315984,44.280609,245.720520,248.969689,4.230000
357,502256689,34.84055,134.71875,1,440,1827,30072,0.326411,57.884484,367.092908,295.850765,4.440000
358,16024620,34.95625,135.77625,1,1,1,30383,0.467556,44.609551,263.935898,156.366880,5.490000
359,1547158579,33.56785,130.37625,5,5,530,30418,0.284533,28.532716,682.498316,285.584476,5.340000
360,1648152186,36.57605,139.84875,4,282,1652,30224,0.293494,25.526844,316.439677,256.846234,4.940000
361,363534158,35.69673,139.78125,1,1,1,30132,0.594133,17.660953,81.734052,153.414530,4.450000
362,832812396,35.18765,139.66875,4,316,4909,30301,0.258865,25.866604,265.212386,251.822201,5.100000
363,548343626,35.76615,139.69125,2,2,201,30297,0.272908,48.431329,249.525590,277.339152,4.910000
364,570866244,34.70171,135.50625,1,2,3,30099,0.326650,42.094581,252.359435,198.670008,4.180000
365,85199146,35.69673,139.69125,1,1,1,30297,0.504384,37.296963,118.862269,174.942711,4.890000
366,2408955979,32.91993,132.69375,100,6093,9035,30053,0.350733,58.770756,577.883591,322.919715,4.270000
367,114085213,35.74301,139.64625,1,2,53,30068,0.785115,17.392943,10.846453,2.757823,3.830000
368,2230960184,26.18619,127.69875,56,56,896,30196,0.584209,56.480290,1350.642676,229.621638,4.460000
369,113027922,35.16451,136.87875,1,6,6,30168,0.145209,12.945199,196.497700,91.105052,4.440000
370,1572102470,34.65543,135.16875,1,20,560,30170,0.428944,44.310489,276.013026,193.499900,4.440000
371,307724282,34.97939,138.43125,6,301,1297,30227,0.248414,55.889146,329.699904,265.624834,4.680000
372,226517687,34.70171,135.52875,1,1,19,30227,0.636232,27.275459,179.489762,179.045694,4.610000
373,1296978612,34.40089,132.71625,55,477,907,30173,0.232012,27.834878,455.828989,198.097245,4.190000
374,1285829852,36.02069,139.71375,4,475,2806,30358,0.227878,23.453275,268.549539,269.463959,4.890000
375,1116701977,34.84055,136.60875,1,1333,1811,30015,0.156917,21.437400,246.150601,148.558201,3.850000
376,1257021372,35.81243,139.91625,5,188,854,30185,0.333384,41.383188,266.291420,280.944013,4.670000
377,381475602,35.55789,139.69125,2,31,467,30067,0.197554,16.551433,249.267609,272.923129,3.920000
378,1526464992,26.41759,127.83375,72,675,6536,30071,0.703956,115.824876,1390.727785,352.075124,3.990000
379,419407817,38.33469,140.88375,17,17,886,30254,0.155705,17.769642,479.599431,242.249188,4.610000
380,840029881,35.78929,139.33125,5,661,2152,30257,0.416339,46.882741,247.952988,252.680501,4.730000
381,2470916472,38.24213,140.34375,20,252,448,30101,0.537608,65.524016,478.706543,229.435874,4.300000
382,134795080,34.77113,135.48375,1,3,204,30169,0.394071,47.245941,254.222096,196.011043,4.120000
383,1553872628,35.55789,139.71375,5,59,92,30040,0.342661,56.064430,333.168028,313.124365,3.940000
384,375989152,35.78929,139.64625,1,5,773,30455,0.782971,38.833071,86.781038,146.242310,5.310000
385,233934823,35.14137,138.81375,2,155,2364,30310,0.305265,25.583186,229.886330,206.179879,5.110000
386,2229831151,33.56785,133.52625,45,131,285,30100,0.187791,15.836859,428.231289,187.657343,4.030000
387,138782673,35.69673,139.78125,1,1,1,30051,1.650772,28.862401,5.187790,3.019349,4.300000
388,2282380296,34.67857,137.80125,15,139,802,28969,0.163187,12.840551,254.932019,145.781182,3.080000
389,1090773972,35.62731,139.44375,5,176,884,29509,0.466455,70.283071,244.948877,259.510641,3.680000
390,1927239722,42.98583,144.43875,132,132,2712,30223,0.250641,31.579451,1091.502794,218.728072,4.590000
391,1290058982,34.63229,133.95375,2,134,1036,30019,0.306320,63.157291,422.358807,293.815532,3.650000
392,35458749,38.10329,139.44375,22,4305,9960,30519,0.423513,32.030155,408.970378,210.931744,6.270000
393,2291051576,34.81741,135.66375,1,43,43,30262,0.387231,47.090966,249.011320,189.882921,4.540000
394,133321863,34.88683,132.06375,19,487,496,29555,0.764969,51.873951,497.981147,215.278144,2.430000
395,1244236886,35.62731,139.78125,2,3,59,30315,0.204098,15.580227,211.625127,283.181027,4.830000
396,1441241077,34.95625,135.77625,1,1,1,29990,0.197985,16.351847,280.211701,172.536732,3.980000
397,229856770,35.00253,135.75375,1,7,32,30081,0.291336,53.197275,223.064675,181.897298,3.610000
398,179427740,35.46533,139.53375,5,20,968,30330,0.321700,39.171242,248.915265,259.565987,4.680000
399,452121730,35.32649,136.74375,1,490,1874,30263,0.158296,12.641978,261.716180,135.764273,4.800000
400,274814501,33.59099,130.26375,4,86,2730,30124,0.247351,36.273920,651.227967,281.619738,4.320000
401,454840038,35.48847,139.64625,5,19,434,30300,0.575913,70.318202,250.755356,266.897639,4.820000
402,2360142450,34.84055,135.66375,1,48,192,29874,0.291670,29.202043,249.100094,189.286277,4.080000
403,139429899,35.69673,139.78125,1,1,1,30294,0.836310,31.833577,81.734052,153.414530,5.140000
404,305547192,35.90499,139.62375,1,19,19,30173,0.270234,20.016313,122.839145,146.358378,4.410000
405,1162000284,36.96943,138.27375,167,4396,6797,30214,0.325959,34.209856,316.404135,179.047620,4.640000
406,217464302,33.22075,132.55875,47,1336,1336,30207,0.382961,41.420086,507.054919,208.594369,4.410000
407,578813987,33.59099,130.33125,5,5,659,29867,0.264085,20.668782,685.669274,285.625998,3.640000
408,143489372,35.44219,139.35375,1,93,93,30177,0.258910,20.318482,120.426537,125.126014,4.500000
409,1606046162,38.24213,140.90625,17,17,1688,30245,0.278659,41.301862,505.032633,241.136507,4.700000
410,2371528531,34.70171,137.35125,1,468,5689,30301,0.402173,47.462602,251.483206,138.583627,4.950000
411,203458403,34.86369,136.54125,1,384,501,29333,0.037117,3.716890,240.580749,156.182228,2.340000
412,5487372,35.62731,139.71375,2,2,2,29832,0.277577,28.415253,207.588736,281.816034,3.360000
413,249450922,38.26527,140.34375,9,67,67,30117,0.185487,24.904545,492.879871,244.033494,3.670000
414,377322121,35.34963,137.08125,1,807,1661,30113,0.245289,32.241372,246.444569,139.016257,4.290000
415,1967038668,35.02567,136.00125,1,106,565,30039,0.445971,80.373929,312.207218,284.846945,4.190000
416,77208707,34.67857,135.46125,1,1,78,30037,0.509439,17.274773,256.050518,181.548717,3.790000
417,1458618631,35.58103,139.39875,5,89,663,30097,0.220123,33.523489,326.393169,300.609891,4.040000
418,820432699,42.96269,141.46875,12,340,2893,29798,0.263343,39.980618,971.523301,182.705126,3.610000
419,16162303,35.32649,139.35375,1,98,129,30470,0.342855,35.965866,155.998509,136.103729,5.830000
420,125892125,35.65045,139.71375,1,1,16,30156,0.261374,25.424838,159.239622,188.167951,4.270000
421,81738152,42.98583,144.39375,58,58,1279,30362,0.168991,18.357165,1059.249304,221.275031,5.060000
422,2267185166,36.57605,136.65375,9,101,101,29982,0.123679,12.622572,289.670537,130.814217,3.540000
423,1124190816,42.82385,141.62625,13,376,2367,30260,0.283089,23.173828,938.271506,189.151392,4.910000
424,866195436,34.37775,132.33375,57,675,2458,30195,0.478092,64.486866,483.845655,206.467464,4.480000
425,2175927684,35.41905,136.29375,1,1578,1578,30054,0.424895,32.138911,290.390065,153.147447,4.310000
426,2232885852,34.51659,135.82125,1,376,1811,30050,0.288164,38.419509,255.129459,181.552052,4.010000
427,2462359530,35.83557,139.71375,5,171,589,30205,0.561246,59.259242,254.963767,276.074738,4.940000
428,465377134,33.03563,130.46625,5,2234,2771,29894,0.107846,8.169211,659.545341,271.705865,3.500000
429,533071922,36.11325,137.95875,13,678,1112,30497,0.305182,30.602197,252.537891,169.530708,5.590000
430,862630598,35.32649,139.39875,2,237,237,30376,0.260782,20.976077,220.465375,248.664083,5.550000
431,1612770792,35.65045,139.80375,2,3,215,30084,0.180785,18.240402,212.316435,284.510973,3.920000
432,2326889419,36.71489,136.69875,78,78,78,30015,0.598512,76.779015,310.632061,122.735463,3.930000
433,2267913584,35.81243,139.93875,2,137,957,30319,0.166950,11.854372,227.735114,284.950443,4.870000
434,248193692,34.70171,135.50625,1,1,1,30263,0.698300,62.622576,252.881763,199.060358,4.630000
435,2454732458,36.36779,138.16125,2,892,1174,30197,0.283389,21.061371,260.752220,180.342161,4.410000
436,2371357136,35.76615,139.44375,2,84,1218,30139,0.141480,10.861547,155.421075,158.201911,3.750000
437,1576760040,35.74301,139.57875,1,37,141,30333,1.131129,39.721313,78.239589,124.794806,4.770000
438,124748889,34.60915,135.70875,1,82,1852,30342,0.232153,20.501456,240.962567,176.514778,5.060000
439,174831676,35.65045,139.66875,1,2,35,30170,0.800444,29.326917,73.085123,129.875470,4.210000
440,464373978,35.74301,139.84875,4,9,195,30370,0.432689,53.624793,257.291019,281.987489,5.200000
441,1709866747,34.70171,135.19125,1,10,10,30188,0.181840,16.296587,200.559013,186.962649,4.510000
442,65847193,35.71987,139.71375,1,1,4,29127,3.936821,58.528737,5.393277,2.791092,1.930000
443,124117447,43.79573,142.39125,13,476,1810,30419,0.589746,77.386010,1084.082505,187.124550,5.490000
444,540555709,35.60417,140.11875,5,155,155,30277,0.363486,56.738690,279.835624,280.102028,4.750000
445,200076960,33.79925,130.57875,5,819,819,30269,0.344183,30.977801,622.348424,270.675082,4.630000
446,859218042,35.71987,139.60125,2,2,238,30202,0.255476,20.625495,122.205513,168.038254,4.630000
447,341992792,34.67857,135.16875,1,14,54,30152,0.307682,40.265656,275.543597,193.449109,4.250000
448,116333190,33.59099,130.39875,2,2,2,30363,0.289973,30.052145,639.765200,282.247460,5.000000
449,864257809,34.47031,135.39375,1,35,35,29932,0.403725,64.917639,335.838925,311.062711,3.720000
450,116152989,34.72485,135.50625,1,2,29,30162,0.247490,24.764484,244.283718,189.237848,4.460000
451,2659812780,35.71987,139.66875,2,2,218,29797,0.137541,19.726724,207.720228,280.576428,3.950000
452,589230536,35.60417,139.62375,2,7,186,30107,0.134041,11.675996,208.863090,274.852083,4.090000
453,1296075344,35.30335,135.07875,1,1652,2620,30028,0.453259,69.978201,348.653801,278.401100,3.830000
454,312023971,34.65543,135.01125,1,253,253,30183,0.367976,46.486712,287.620593,191.457616,4.470000
455,384889871,36.80745,140.59125,14,185,185,26313,1.126228,84.600622,447.117015,304.165395,0.840000
456,884226162,35.65045,139.69125,1,1,4,29984,0.246167,11.281582,81.231587,149.130687,4.000000
457,2716784492,35.16451,136.72125,1,227,227,30003,0.222954,20.962229,245.532074,143.019836,3.920000
458,2391269664,35.76615,139.78125,5,9,210,29838,0.296012,29.064804,253.779740,280.455838,3.950000
459,780229051,43.03211,141.37875,11,11,334,29683,0.439898,63.821511,975.793264,180.657529,4.150000
460,1317959407,35.60417,139.57875,4,39,1093,30097,0.202716,23.127093,245.553521,268.562646,4.540000
461,2426946125,36.18267,139.73625,5,1941,3617,29871,0.276331,33.851998,281.192146,265.224088,3.800000
462,44845104,34.84055,135.61875,1,67,72,30409,0.599815,38.324236,239.272196,178.734861,5.620000
463,980070061,35.55789,139.73625,5,50,147,30186,0.293783,51.352588,251.269942,274.623844,4.080000
464,842519460,35.53475,139.73625,4,53,506,30350,0.329624,36.978630,252.002723,273.537049,4.950000
465,452804775,34.97939,135.93375,1,174,728,30123,0.323453,31.925184,246.860064,175.100840,3.990000
466,613046059,35.00253,138.47625,2,165,1211,29990,0.277282,25.840260,237.371409,182.814822,3.680000
467,163734904,35.76615,139.84875,2,4,210,30203,0.182591,15.942634,218.400905,285.103528,4.380000
468,841381940,35.71987,139.71375,1,1,4,30148,0.259405,13.249031,80.362220,151.427503,4.360000
469,1477213664,37.36281,140.38875,21,580,584,30153,0.215668,43.301246,450.432741,247.664304,4.340000
470,480169756,35.65045,139.55625,1,21,128,27947,3.677801,92.838004,54.262252,109.585461,1.260000
471,84280682,35.62731,139.66875,2,2,153,30341,0.242200,23.640494,207.957051,278.718859,4.890000
472,570563835,36.52977,140.50125,5,804,12030,29964,0.221861,32.069260,350.930070,271.849724,3.730000
473,880057316,35.04881,135.75375,1,23,114,30072,0.240332,47.660107,314.560111,290.940418,3.710000
474,2351627682,36.71489,137.23875,233,456,456,29997,0.162619,11.696524,300.311327,137.687586,3.610000
475,1694045905,34.74799,135.68625,1,38,12159,30097,0.644226,96.144250,248.874850,190.298853,4.230000
476,1168974019,35.83557,139.89375,1,136,868,30203,0.378044,35.977489,225.678413,284.063865,4.000000
477,1240145802,35.48847,137.46375,14,2422,3274,30156,0.475305,52.873211,247.672918,144.798097,4.720000
478,2399288486,35.16451,136.96875,1,12,391,29846,0.387058,40.176963,245.143662,139.909526,3.290000
479,257714318,35.71987,139.73625,3,3,171,30418,0.257388,22.994323,208.608154,284.171764,5.480000
480,2721754770,34.40089,132.42375,14,14,842,30324,0.253880,22.676899,496.739948,184.285085,4.380000
481,1150230271,34.44717,135.43875,1,38,544,30065,0.223649,27.608572,268.560043,191.012013,4.030000
482,2232859320,35.74301,139.93875,4,168,547,29971,0.216507,20.299641,264.850260,282.270505,3.990000
483,254494092,35.00253,135.77625,1,2,4,30274,0.270649,25.254112,160.528364,168.913841,4.370000
484,421300019,35.81243,139.98375,2,146,1739,30260,0.220179,21.147907,231.319598,285.201976,4.560000
485,21273665,35.71987,139.71375,1,1,4,29366,1.001001,27.987866,72.754613,132.975926,2.380000
486,1297898119,33.84553,130.87125,4,266,266,30271,0.216123,21.418044,600.043525,259.737397,4.800000
487,100222936,36.71489,136.69875,60,404,404,30485,0.276788,30.998202,291.322064,134.476314,5.710000
488,112128421,36.55291,139.89375,1,16,16,30032,0.214381,24.579972,292.239451,248.452508,3.850000
489,1547464812,34.35461,132.44625,59,59,3010,29894,0.242273,36.492284,476.088400,204.241896,3.860000
490,1167805388,37.29339,140.36625,20,1267,1958,29698,0.320986,29.607818,399.203485,251.021660,3.970000
491,1223603904,34.74799,135.57375,1,2,120,30278,0.522442,76.612910,250.808639,194.955471,4.980000
492,76026405,32.80423,130.75875,6,13,438,29777,0.854099,63.467083,611.293477,267.912315,3.300000
493,2392948938,35.23393,139.69125,2,266,366,30228,0.170278,12.819596,230.618921,258.661935,4.690000
494,403196158,34.95625,135.77625,1,1,1,29873,0.236228,17.142842,280.211701,172.536732,4.380000
495,147938473,35.65045,139.44375,1,30,147,30092,0.691654,23.587103,61.528552,103.887999,4.140000
496,193506404,35.53475,139.69125,2,17,33,30345,0.172591,15.816280,212.985628,275.013077,4.550000
497,996318812,34.93311,135.75375,1,1,183,30230,0.397704,64.636720,312.597969,297.393029,4.510000
498,412975462,36.87687,140.11875,11,1548,4557,29986,0.255808,21.868381,409.929498,225.605073,3.370000
499,634249065,43.77259,142.43625,13,420,3441,30222,0.229401,20.053240,1083.419251,187.835507,4.470000
500,2839494918,38.26527,140.95125,14,14,666,30469,0.263731,31.545527,517.933207,227.499343,5.350000
501,2187611618,34.88683,136.92375,1,901,996,29731,0.380278,65.551599,317.503669,263.497617,4.140000
502,2489858677,36.11325,140.11875,4,447,994,30112,0.222259,19.292180,258.910502,280.215513,3.760000
503,87134776,35.65045,139.69125,2,2,7,30304,0.693008,93.162749,207.122777,281.137330,4.690000
504,886478881,43.14781,141.37875,12,36,2241,30431,0.574766,68.844957,987.619904,179.374949,5.180000
505,2380538072,34.79427,134.56125,1,899,4767,30171,0.220067,43.168382,378.248431,295.216584,3.990000
506,298000551,40.48671,141.44625,107,107,2256,30227,0.158514,11.363781,635.657496,119.414653,4.270000
507,702496782,34.79427,134.60625,1,387,1788,30238,0.315859,41.116123,314.298168,184.653365,4.610000
508,572270892,33.29017,131.50125,3,248,248,30062,0.106936,10.085757,520.211627,211.572504,3.840000
509,92324289,34.65543,135.64125,1,53,150,30423,0.326182,27.397162,240.913932,181.729484,5.870000
510,135833934,35.65045,139.66875,4,4,28,30169,0.193244,23.372796,245.730882,276.218578,4.430000
511,1562934223,35.16451,136.87875,1,12,15,30217,0.369938,68.434293,314.330038,256.546455,4.520000
512,1283063436,35.90499,140.05125,4,169,1945,30021,0.272845,24.845775,281.135531,280.563362,3.920000
513,1683467292,40.83381,140.36625,108,4478,7069,30303,0.387745,56.311906,725.533419,188.059629,4.930000
514,1591297796,34.70171,135.43875,1,2,312,30172,0.307149,44.855782,256.456430,198.037810,4.390000
515,2507718036,34.23891,135.21375,1,311,1170,30229,0.338362,47.986886,291.872973,185.124630,4.610000
516,198479084,36.73803,137.01375,129,938,938,30411,0.227387,21.500076,255.856108,29.784762,4.810000
517,1178974254,35.48847,139.64625,1,1,122,30129,0.359741,26.680253,114.287799,146.195083,4.170000
518,1612819862,34.51659,135.73125,1,369,563,30292,0.547354,65.785379,256.174232,185.532044,5.050000
519,1344464826,35.16451,136.65375,1,269,5434,30163,0.256860,22.458785,246.236707,144.532952,4.250000
520,1904005394,35.32649,139.10625,5,440,6772,29895,0.287747,43.314189,247.762517,227.017579,3.480000
521,97123521,35.51161,139.64625,2,10,1223,30366,0.146225,14.004438,126.588556,164.395050,4.900000
522,1085403014,34.65543,135.43875,1,2,62,30196,0.254073,37.350813,257.988557,198.480570,4.450000
523,636230045,34.60915,135.61875,1,25,57,30082,0.420828,45.185844,253.333191,192.913214,4.370000
524,2301362197,34.44717,135.34875,1,36,424,30016,0.434582,55.324424,272.958344,191.506412,4.230000
525,2225431993,34.70171,135.57375,1,2,54,29688,0.257997,28.795680,250.959268,196.001069,4.040000
526,1319610176,34.70171,135.48375,1,1,21,29935,0.521019,20.989476,218.127258,184.343455,3.260000
527,2245782955,34.72485,135.57375,1,2,62,30025,0.347614,46.060028,250.795720,195.575260,3.980000
528,172643131,35.65045,139.69125,1,1,5,30277,0.308770,33.732504,121.248318,172.641388,4.710000
529,1187401662,34.72485,135.50625,1,2,31,30128,0.180638,26.686832,252.624749,197.703049,4.070000
530,1584642888,43.17095,141.31125,11,278,2499,30002,0.235943,34.858626,987.840953,178.269093,3.860000
531,2208922202,34.70171,135.64125,1,23,57,29787,0.184041,21.995154,250.068003,192.822772,3.210000
532,217043906,34.42403,135.34875,1,204,329,29552,0.946463,33.204861,243.049933,180.800656,2.430000
533,586033496,34.67857,135.79875,1,173,310,30274,0.332597,36.457784,249.709284,185.403082,4.720000
534,810765138,35.65045,139.57875,6,60,684,30042,0.242776,43.125691,327.054859,309.967116,3.850000
535,841438778,38.05701,140.77125,19,153,153,30062,0.402303,56.151834,482.720247,242.300044,3.650000
536,470635238,35.65045,139.75875,2,2,65,30314,0.306729,29.362054,209.369696,283.777179,5.170000
537,1059916340,34.63229,135.50625,1,2,36,29560,0.799209,80.275683,254.745592,197.704363,3.970000
538,186046594,35.55789,139.73625,5,34,124,30171,0.260464,23.027938,251.014533,274.841659,4.200000
539,1698214308,37.47851,140.38875,20,515,6416,30275,0.431705,72.047776,457.353795,243.606055,4.670000
540,1379284951,26.20933,127.69875,43,43,70,30384,0.273529,25.646808,1348.650843,229.809356,5.210000
541,2258428124,34.65543,135.82125,1,169,987,29971,0.341299,41.562194,249.713842,183.781498,4.060000
542,526331924,35.78929,139.80375,2,19,241,30280,0.334182,36.720309,216.729858,283.926042,4.920000
543,2265834414,34.86369,135.21375,1,805,3068,30118,0.232026,34.186271,271.533704,190.876705,3.940000
544,265496359,35.71987,139.91625,2,84,264,30365,0.176833,13.545749,222.257896,285.723394,5.430000
545,773285580,34.53973,135.55125,1,39,319,30013,0.468360,66.157320,258.622350,192.878889,4.740000
546,365282351,38.26527,140.86125,6,6,33,30276,0.318099,39.341125,387.362339,184.308234,4.930000
547,1893872641,35.11823,136.90125,1,14,582,29870,0.268965,42.310956,314.606258,257.610351,3.530000
548,1261345543,34.81741,135.41625,1,34,522,30140,0.374561,50.395462,258.395811,194.244466,4.150000
549,248166796,35.16451,138.67875,4,1025,1240,30325,0.437127,37.742529,248.658498,195.439740,4.510000
550,1402161775,35.00253,135.95625,1,121,121,30178,0.249583,29.816598,246.511491,172.992622,4.440000
551,1162752206,42.87013,143.20125,9,1114,4922,29798,0.528555,100.969693,955.510105,333.442629,4.400000
552,121431806,33.03563,130.44375,2,2040,2040,30476,0.389436,34.934974,675.158252,267.140645,5.670000
553,93504307,37.75619,140.45625,17,112,113,30415,0.214328,22.944152,450.060947,228.482365,5.420000
554,1700803729,36.32151,139.60125,4,1083,1083,29960,0.267959,26.883169,286.561563,255.699904,3.980000
555,301488928,37.13141,138.74625,20,951,951,30117,0.257666,22.432557,242.411675,77.105999,3.720000
556,927677815,34.67857,135.14625,1,23,258,30002,0.484522,62.793157,277.126818,193.072124,3.770000
557,929426126,35.21079,137.08125,1,188,846,29854,0.452095,101.410550,305.960155,256.371954,3.370000
558,275580427,35.02567,135.77625,1,2,17,30341,0.402799,23.649352,196.188618,167.770833,4.860000
559,376104796,41.85197,140.72625,9,510,1175,29734,0.298323,61.974168,783.260053,276.383416,3.710000
560,1590737840,34.42403,135.37125,1,29,568,29451,0.357082,68.732934,339.796428,310.523663,3.390000
561,491046362,35.69673,139.98375,2,111,111,30404,0.308456,23.039748,227.839183,285.566370,5.490000
562,324750279,35.14137,136.83375,1,2,643,29944,0.183919,14.239227,233.148058,155.890145,3.590000
563,1157304722,35.69673,139.78125,2,2,7,30241,0.165803,11.274055,238.482160,277.990392,5.050000
564,468230246,34.70171,135.19125,1,15,15,30077,0.284458,36.524323,273.767870,193.860826,3.630000
565,2274257610,35.90499,139.66875,3,62,1690,30344,0.353208,44.887123,258.252997,271.726635,5.260000
566,1565501869,36.34465,138.99375,4,342,456,30082,0.188083,20.114823,276.473820,223.986154,4.290000
567,271916962,35.65045,138.52125,4,256,1474,30352,0.179860,17.312738,246.112717,196.291588,4.750000
568,207464042,35.69673,139.78125,1,1,1,29723,3.354553,74.399950,47.423169,119.067217,2.780000
569,848951814,35.37277,136.72125,1,421,3606,30136,0.250706,31.002752,248.390616,140.388592,4.370000
570,719959968,35.83557,139.84875,1,173,789,30317,0.594284,55.625614,343.364815,229.992156,5.000000
571,126919640,35.00253,135.77625,1,1,18,30424,0.326948,24.245662,298.646573,186.683031,5.220000
572,1283137676,38.28841,140.34375,16,25,3271,30253,0.206973,21.223183,482.963349,228.377377,4.390000
573,806743472,34.70171,135.64125,1,24,62,29828,0.406342,45.058945,250.068003,192.822772,3.540000
574,1109018184,35.78929,139.87125,5,43,1180,30165,0.282324,39.697849,261.502148,281.133901,4.400000
575,1006078038,35.51161,139.71375,6,33,471,29958,0.248817,50.812395,335.182653,311.644639,3.460000
576,1271911130,34.42403,132.73875,56,522,522,30329,0.248758,36.983948,454.022602,197.596852,4.770000
577,345826509,34.95625,135.77625,1,1,1,29959,0.139450,10.155404,247.658237,183.440236,3.540000
578,735796004,36.32151,139.06125,4,264,5166,30203,0.279199,26.682580,275.636242,228.169870,4.590000
579,1403742420,41.78255,140.72625,13,620,1770,30285,0.370208,46.311296,830.893643,183.391783,4.950000
580,1570783777,33.66041,130.44375,4,4,57,29984,0.207434,16.073722,649.003877,293.975663,3.720000
581,250217007,35.74301,139.69125,2,2,205,30411,0.230115,16.798599,208.980850,281.527155,5.550000
582,1093793952,35.28021,136.74375,1,659,2433,30186,0.274746,60.933433,314.161270,254.865586,4.000000
583,1214054178,35.53475,138.90375,5,1184,1184,30176,0.292237,41.101772,245.124364,219.004950,4.350000
584,965225185,35.53475,139.42125,5,100,498,30032,0.341674,52.451701,245.771320,255.186166,4.370000
585,456278549,35.71987,139.55625,5,127,973,30135,0.351766,60.041649,246.107031,269.031351,4.160000
586,33446907,35.55789,139.78125,1,17,25,30360,0.259086,19.775980,166.604151,185.141958,5.260000
587,5629432,35.69673,139.75875,1,1,7,30099,0.961466,32.490301,112.484262,164.400590,3.900000
588,1265683256,34.56287,133.72875,21,389,6069,30089,0.385857,60.923206,380.272660,184.378578,4.080000
589,2591418446,34.33147,135.23625,1,60,4313,30254,0.280023,33.234428,285.392165,187.934617,4.800000
590,119288957,35.16451,136.92375,1,15,109,29930,0.081115,6.101659,245.734573,140.312357,3.790000
591,587367268,39.35285,141.10875,22,1653,2445,30120,0.310724,30.179837,611.624192,224.298552,3.980000
592,309753960,36.06697,139.60125,2,429,1326,30140,0.166198,13.039562,231.680082,267.005033,4.160000
593,552774667,35.71987,139.82625,5,9,326,30144,0.380560,57.839715,255.008643,281.718435,4.180000
594,39945273,35.67359,139.71375,2,2,14,30191,0.180707,15.113281,209.774782,289.296600,4.990000
595,100962518,35.69673,139.64625,2,2,14,29863,0.128645,14.182772,207.295279,279.035587,3.380000
596,1440010988,34.77113,135.52875,1,3,158,29925,0.305530,33.447002,252.331437,195.401555,3.790000
597,771040640,35.65045,139.42125,4,156,156,30196,0.178760,33.079648,245.211737,258.153501,4.500000
598,155070384,35.18765,136.90125,1,13,312,29991,0.213182,17.360452,258.020825,135.894145,3.930000
599,1609531681,34.88683,135.77625,1,1,265,30058,0.207775,33.370913,247.150329,184.480114,4.370000
600,371258684,36.11325,136.22625,1,722,3274,30131,0.214204,30.701284,284.539996,128.879425,4.370000
601,1968694945,34.44717,135.37125,1,35,117,29823,0.415903,56.535341,271.793439,191.452108,3.840000
602,2349555432,35.04881,135.75375,1,22,122,30257,0.227707,36.219553,250.514507,179.292429,4.650000
603,158332912,37.50165,139.93875,19,218,218,30317,0.283342,26.158834,397.063328,235.158508,4.830000
604,384298127,43.05525,141.31125,10,10,1073,29778,0.187824,32.492398,893.608241,343.196771,3.670000
605,44913213,38.24213,140.32125,15,90,317,30477,0.242261,25.597743,437.988156,226.224439,5.340000
606,1427805481,36.55291,136.67625,14,121,481,30266,0.210780,26.675456,300.780706,123.974143,4.560000
607,1256753142,39.30657,141.13125,20,1645,4203,30140,0.285231,27.834036,608.402698,225.553333,4.420000
608,444659341,35.32649,136.74375,1,330,1855,30110,0.133603,12.418459,211.367005,165.289109,4.090000
609,19576288,35.53475,139.75875,1,15,89,30275,1.355260,37.654686,54.912622,114.297536,4.960000
610,164975123,34.95625,135.77625,1,1,1,30382,0.187242,17.355053,280.211701,172.536732,5.120000
611,1240669410,38.31155,140.77125,16,48,3626,30432,0.402002,44.729647,472.472226,240.546436,5.730000
612,2276749400,35.07195,134.02125,2,450,1858,30327,0.257011,24.419907,357.107579,177.226033,4.870000
613,68946440,35.65045,139.53375,1,27,27,30223,0.378358,19.194685,88.438445,138.613481,4.580000
614,909763748,34.65543,133.93125,2,135,255,30307,0.350112,45.399048,364.345518,183.033726,4.710000
615,114940870,35.44219,139.64625,2,17,87,30503,0.453556,39.373543,217.128191,267.868523,5.900000
616,105719327,35.48847,139.44375,2,59,638,30343,0.224577,15.946785,213.759770,258.342464,5.290000
617,144366284,34.70171,135.19125,1,15,15,30232,0.328441,33.618871,270.919869,191.326805,4.890000
618,1227466148,36.64547,139.53375,5,6304,6304,30333,0.389077,51.221634,309.782887,243.739163,4.940000
619,760924033,35.11823,136.85625,1,14,584,30118,0.355477,52.810950,245.093029,141.271700,4.230000
620,813971046,36.20581,137.95875,13,636,862,30179,0.202431,17.897179,267.957929,167.120927,4.160000
621,311457397,34.77113,135.50625,1,2,32,30198,0.326661,48.238780,253.407718,195.932651,4.360000
622,2554642572,34.84055,134.92125,1,990,4669,30154,0.261664,24.915375,292.191818,188.021373,4.130000
623,1215197696,35.62731,139.46625,4,144,1400,30342,0.259884,30.052105,245.448150,260.759888,4.830000
624,320592382,35.62731,138.56625,5,586,1377,30140,0.205697,23.013775,246.093044,198.505919,4.290000
625,265872502,32.41085,131.50125,29,5167,6012,30117,0.410382,49.131106,619.961899,235.320268,4.410000
626,168932639,35.09509,135.91125,1,405,1887,30418,0.424972,47.009238,249.455508,171.800070,5.510000
627,1891807555,33.91495,130.78125,4,103,3569,29982,0.291802,46.561376,657.332017,343.403937,3.590000
628,168346090,34.70171,135.50625,1,1,1,30422,0.437173,27.905427,216.043584,183.638155,5.390000
629,1175442786,35.83557,139.64625,5,63,549,30164,0.416010,52.732773,252.720647,272.962684,4.300000
630,108875962,34.97939,138.38625,3,61,61,30171,0.264454,27.247506,238.961217,177.409529,4.170000
631,1195727798,35.07195,136.06875,1,529,3439,30067,0.366745,70.035529,312.521570,280.477742,4.000000
632,95137003,35.71987,139.64625,2,2,94,30423,0.265848,21.714801,207.933423,279.018048,5.590000
633,1277349566,35.58103,139.55625,6,132,1001,30026,0.242199,47.234844,328.137974,308.222743,3.640000
634,323551472,37.91817,139.06125,53,53,53,29786,0.661551,33.260572,290.179159,70.661528,2.810000
635,75071262,35.69673,139.78125,1,1,1,30224,0.592654,23.119834,73.504963,135.206023,4.850000
636,133361104,35.67359,139.80375,5,8,134,29802,0.413626,66.260019,252.194138,281.403889,3.460000
637,233877955,35.67359,139.71375,2,2,13,30486,0.233052,21.467659,207.134501,282.952512,5.380000
638,863112043,34.60915,135.57375,1,2,98,30177,0.254283,39.955980,254.333966,194.922370,4.100000
639,2241949909,34.70171,135.61875,1,21,120,29705,0.364973,46.836736,250.341964,193.896610,3.860000
640,1276807424,35.00253,139.87125,5,1680,1680,30041,0.501211,67.714930,284.379697,249.307302,4.250000
641,2224511017,35.11823,137.12625,1,203,1611,29853,0.217434,48.922111,315.761531,254.667041,3.400000
642,186457679,35.69673,139.66875,2,2,62,30238,0.465244,55.344708,246.075680,276.967431,4.680000
643,2348426630,35.23393,136.99125,1,70,224,29927,0.198782,15.967795,194.272805,80.675546,3.580000
644,1325096713,35.67359,139.66875,2,2,38,29611,0.116563,9.002275,206.859138,280.327346,3.010000
645,1335776304,37.45537,140.45625,19,425,2668,30086,0.260046,37.301953,416.959953,249.129086,3.760000
646,362775637,35.71987,139.75875,2,2,155,30328,0.433457,53.256320,209.629375,284.856312,5.270000
647,477630546,34.44717,135.39375,1,50,247,30101,0.316955,32.212825,271.168057,191.743005,4.260000
648,1288066729,33.59099,130.35375,5,5,47,30115,0.394581,32.278667,692.185747,280.299425,4.080000
649,331043015,35.71987,139.71375,1,1,5,30232,0.395534,16.533968,81.154011,151.038888,4.560000
650,394571906,35.76615,140.00625,5,187,852,30139,0.497992,60.400493,271.927024,281.787534,4.300000
651,2325374785,34.67857,135.19125,1,20,139,30122,0.531186,74.699396,273.962537,193.831087,3.920000
652,1459548306,31.55467,130.53375,32,85,315,30293,0.369412,31.069398,741.624704,247.962654,4.960000
653,174531606,43.05525,141.35625,10,10,10,30322,0.250982,16.277028,812.284611,287.506689,4.790000
654,1645356439,34.88683,135.66375,1,72,193,30081,0.681051,33.670062,199.506791,178.067480,3.820000
655,867867626,35.60417,139.62375,5,7,219,30159,0.242995,42.595647,328.585765,311.656484,4.450000
656,274057648,35.90499,139.48875,2,165,165,30470,0.428855,34.334121,218.937432,265.390038,5.970000
657,83156849,43.05525,141.35625,6,6,6,30132,0.243944,26.353708,835.508151,297.185891,4.230000
658,496408752,34.88683,134.74125,1,285,1688,30370,0.226285,17.597167,304.936118,184.989262,4.720000
659,2185509906,34.44717,132.78375,59,504,2032,29932,0.407964,62.992224,450.203366,196.289306,3.860000
660,1285896542,33.10505,129.79125,7,179,2709,30150,0.136712,12.699856,751.348477,284.051721,3.990000
661,1110582361,34.90997,137.08125,1,615,2080,30120,0.299507,40.980040,246.293317,139.624868,4.150000
662,58141145,33.52157,130.42125,11,11,2662,30420,0.403553,30.116298,768.399760,178.315211,5.430000
663,2246013984,35.34963,139.62375,5,326,553,30260,0.360784,45.710152,256.060311,258.331859,4.600000
664,317678247,36.55291,140.63625,2,623,1495,30298,0.304041,32.433703,323.086073,276.730928,4.640000
665,2219930936,35.11823,136.99125,1,14,607,30080,0.371414,47.543038,245.014857,139.955506,4.040000
666,448485458,35.69673,139.78125,1,1,1,30269,0.433002,19.998698,81.734052,153.414530,4.440000
667,986340199,36.55291,136.69875,14,248,843,30175,0.443531,63.640756,300.177682,124.364721,4.390000
668,1453350998,33.61413,130.42125,4,4,226,30235,0.491780,75.574653,637.082135,280.388225,4.590000
669,518199993,33.96123,131.27625,4,1208,1811,30031,0.168650,24.079513,567.894717,243.228210,3.890000
670,86863214,34.53973,135.50625,1,102,384,30445,0.321537,25.467461,252.915780,186.635986,5.950000
671,272733334,35.83557,139.55625,1,29,763,30109,0.216999,13.997471,94.537248,139.282909,4.310000
672,1957436780,33.68355,130.42125,9,88,1479,30357,0.561893,42.233445,676.202547,281.964175,5.510000
673,311532465,34.60915,133.93125,2,136,1799,30186,0.167297,12.738145,405.107062,174.423680,4.180000
674,1242836874,34.35461,134.89875,1,1283,1283,30256,0.443431,57.979946,304.475157,187.321432,4.790000
675,2276428826,34.16949,131.45625,5,806,806,30134,0.150816,11.733354,551.491436,234.232825,4.050000
676,309556805,36.41407,138.97125,3,478,4141,30182,0.155404,14.358364,254.166117,225.432549,3.970000
677,511599054,35.18765,136.94625,1,13,226,30243,0.435171,39.515719,245.824583,139.998459,4.850000
678,107367930,39.39913,141.13125,20,2480,2480,30281,0.162774,13.064368,587.210475,227.055137,4.600000
679,1964255414,35.69673,139.42125,1,23,23,30329,0.719500,37.825510,94.686330,131.193779,4.460000
680,6330902,35.69673,139.51125,1,25,181,30456,0.663154,36.413996,124.941546,160.686998,6.010000
681,179806349,35.95127,139.69125,5,84,1827,30151,0.407491,71.340552,339.673780,302.184006,4.500000
682,1583619584,35.58103,139.73625,3,7,117,29696,0.210008,18.749161,211.784196,279.447997,3.880000
683,177549105,34.97939,137.14875,1,568,884,30319,0.197748,14.791579,255.449709,136.152030,5.090000
684,83871585,33.59099,130.39875,6,6,6,30298,0.151260,13.027587,718.148069,282.831111,4.740000
685,1091547938,34.88683,135.77625,1,1,262,29937,0.278401,45.206096,246.952191,184.344296,4.080000
686,567229195,35.67359,139.87125,2,7,201,29994,0.175621,16.532815,217.677454,285.340784,4.190000
687,524408106,33.56785,130.37625,1,1,449,30369,0.285987,34.369696,628.508557,265.448551,4.460000
688,2152421672,43.79573,142.43625,11,389,389,29981,0.261083,35.448860,1085.595404,187.699399,4.680000
689,859685238,42.91641,143.13375,13,1066,1066,29606,0.469287,60.222168,1026.954634,205.469034,4.120000
690,744833420,34.81741,135.77625,1,79,280,30131,0.558543,112.241296,313.184110,300.719322,4.280000
691,1150698062,36.71489,136.69875,156,156,156,30135,0.232519,34.226608,310.632061,122.735463,4.200000
692,856226858,42.31477,140.99625,9,1855,4433,30151,0.587645,96.165031,826.660446,302.362753,4.420000
693,1082916294,43.03211,141.35625,8,8,450,30178,0.300101,46.296355,892.675428,343.673620,4.190000
694,1615087056,43.17095,141.40125,13,296,618,30161,0.164738,14.369464,967.238421,182.196335,4.490000
695,2561385446,38.40411,140.77125,20,4070,4918,30193,0.524486,48.091972,512.239637,235.304141,4.630000
696,2428983314,34.95625,135.77625,1,1,1,29877,0.112659,8.456554,247.658237,183.440236,3.450000
697,1145503286,34.88683,137.17125,1,595,3318,29932,0.351385,43.532790,246.832558,139.268369,3.400000
698,2517779160,35.11823,136.83375,1,14,229,30070,0.345871,49.002182,245.112494,141.582258,4.180000
699,1543419522,34.60915,135.48375,1,2,31,30138,0.383249,76.523241,323.097829,312.828257,4.640000
700,2443156188,35.92813,136.18125,1,1061,1061,30253,0.475606,43.417680,276.692108,134.409874,4.650000
701,345274147,35.69673,139.71375,2,2,12,30157,0.249340,25.182751,207.166120,283.355436,4.520000
702,843332300,35.76615,139.51125,5,197,1173,30104,0.375068,68.772889,327.584633,304.363632,4.230000
703,7187202,35.95127,139.98375,3,373,393,30420,0.242081,27.896264,292.849590,261.448901,5.340000
704,397671438,34.70171,135.19125,1,8,8,30098,0.569316,45.202470,276.471974,185.175169,4.190000
705,1917393330,34.95625,135.82125,1,1,1247,30269,0.285020,25.697290,247.279230,181.266073,4.750000
706,908086730,35.16451,136.99125,1,13,856,30181,0.235348,33.000199,245.120768,139.781210,4.240000
707,1381912711,35.48847,139.62375,5,28,140,30040,0.234869,36.825294,250.095646,265.759651,3.880000
708,145231871,35.67359,139.71375,2,2,13,30368,0.308592,30.171524,207.134501,282.952512,5.310000
709,78824443,34.70171,135.50625,1,1,1,30422,0.248658,22.229116,244.153161,190.375043,5.360000
710,287402332,35.65045,139.71375,2,2,10,28610,0.932666,61.231545,119.423076,175.068532,1.630000
711,198037730,34.67857,135.52875,2,2,2,12918,0.103280,3.041532,318.146453,149.892229,0.070000
712,437533064,34.70171,135.01125,1,491,2859,30022,0.808542,48.913822,269.529709,176.980117,3.340000
713,401073543,35.51161,139.69125,4,22,170,30274,0.303078,38.936523,251.380040,270.208871,5.040000
714,1274331066,36.29837,139.78125,5,613,1594,30143,0.276023,46.521539,291.913612,263.084442,4.430000
715,1043313158,34.88683,132.08625,60,1320,1320,29916,0.384744,58.544869,498.096915,202.936570,3.330000
716,214006819,35.51161,139.48875,5,80,1636,29666,0.122557,11.767215,247.098883,258.620384,2.800000
717,205635729,34.72485,135.21375,1,19,2107,30342,0.270222,29.019399,272.215666,194.291046,4.730000
718,1336677685,34.56287,135.61875,1,35,197,29871,0.199989,36.143218,322.586174,309.771016,3.850000
719,344084950,33.59099,130.42125,13,13,14,30310,0.317337,33.210987,737.940507,177.410989,4.540000
720,412034134,34.35461,134.87625,1,2,2,19021,1.280098,100.975278,270.965578,317.072662,0.120000
721,1951161914,43.07839,141.28875,14,14,624,30185,0.213860,15.561078,896.262523,98.125411,4.660000
722,280062004,35.60417,139.51125,5,97,803,30341,0.354509,52.822611,245.196664,263.808958,5.360000
723,1085595475,34.65543,135.61875,1,19,61,30153,0.322795,46.083371,317.850015,309.937955,4.300000
724,1240611006,35.09509,137.14875,1,252,515,30080,0.530285,73.552236,245.038950,139.636766,3.760000
725,634015924,35.60417,139.46625,5,86,1658,29903,0.270266,31.524322,245.070124,260.566509,3.990000
726,2478324853,40.92637,140.92875,162,10112,20678,29867,0.359869,31.298401,752.512675,197.478713,3.680000
727,756389552,35.55789,139.44375,5,87,877,30308,0.316203,39.026923,245.700303,257.387642,4.570000
728,2388893408,33.54471,130.33125,4,4,861,30036,0.250776,31.579318,646.794326,281.664828,3.820000
729,1034809873,34.67857,134.98875,1,314,714,30268,0.239686,23.553386,288.791125,191.031884,4.380000
730,1726316911,34.86369,135.77625,1,83,391,29822,0.330012,67.472559,312.673744,299.255004,3.580000
731,48744683,35.67359,139.73625,1,1,17,30458,0.379739,29.818854,121.788754,175.301687,5.800000
732,2284723854,43.14781,141.35625,9,39,1268,29717,0.224851,46.307547,903.857688,344.117851,3.550000
733,2537651138,33.59099,130.42125,6,6,14,30265,0.375310,38.509522,651.345982,276.463746,4.590000
734,778177501,35.48847,135.43875,1,1473,3903,30110,0.192917,19.831471,278.490419,162.359427,4.530000
735,2446683708,36.36779,139.96125,6,391,391,30114,0.317586,71.396734,373.694694,284.614519,3.920000
736,986711030,41.80569,140.77125,9,527,668,30033,0.366976,68.233703,780.737781,275.613839,3.720000
737,1370336522,35.74301,139.60125,5,5,169,29925,0.281167,60.094538,246.986553,272.200734,3.540000
738,269665849,43.05525,141.35625,13,13,13,30377,0.209861,30.636689,1005.154205,163.825686,4.450000
739,336343371,35.55789,139.51125,5,101,819,30121,0.363377,50.574770,245.953320,262.191690,4.490000
740,1097406720,35.69673,139.78125,1,1,1,30100,0.272131,28.560998,209.992298,285.590552,4.070000
741,130494569,33.24389,131.61375,7,52,52,30321,0.289727,36.123973,568.341355,237.304315,5.280000
742,2433437868,34.67857,137.01375,1,4807,4807,29815,0.265459,34.874672,250.405569,139.599070,3.150000
743,57132080,35.65045,139.33125,1,49,67,30324,0.258289,20.410862,131.345916,145.372207,4.810000
744,1929868849,33.22075,130.55625,4,652,2916,30037,0.247909,39.510331,643.328640,272.012272,3.970000
745,1717896306,34.35461,132.31125,59,667,993,30170,0.347922,53.662692,485.844379,207.321106,4.250000
746,1451761226,35.02567,136.65375,1,408,2069,30069,0.230050,22.495135,209.597934,166.091413,3.840000
747,409062499,34.84055,135.84375,1,340,6469,30254,0.245141,18.741095,246.896745,182.396635,4.710000
748,165387081,37.68677,140.14125,20,7498,10206,30302,0.206155,30.925596,421.337268,236.487049,4.390000
749,1441034484,35.83557,139.73625,5,182,722,30159,0.535986,69.819411,255.950212,276.909750,4.420000
750,1269407264,33.59099,130.21875,4,661,2147,30174,0.294376,39.278736,655.231235,281.567802,4.080000
751,1293731023,35.16451,136.87875,1,2,2,30446,0.217860,22.686378,168.662633,103.171655,5.350000
752,1334299808,34.72485,134.15625,1,946,946,30474,0.320339,24.697266,387.162311,172.646703,5.990000
753,524961340,42.98583,144.41625,56,56,1575,30216,0.197224,17.371690,1090.403749,218.530233,4.500000
754,798461887,34.97939,139.10625,5,2846,2846,29996,0.440649,44.575872,259.177710,213.928708,4.030000
755,97134214,35.02567,135.79875,1,2,149,30142,0.833261,41.764109,160.519975,165.035941,4.250000
756,991171825,35.65045,139.66875,2,2,26,29807,0.313569,25.001203,207.179451,279.682484,3.770000
757,249141538,35.69673,139.69125,1,1,2,30198,0.450687,21.787727,81.829603,149.546948,4.330000
758,2229859082,34.63229,133.95375,2,132,1033,30027,0.345421,53.815289,363.036481,183.236912,3.960000
759,719476913,37.38595,140.36625,20,502,753,30354,0.388215,53.970844,406.692833,248.814413,5.170000
760,1636909945,38.24213,140.88375,16,16,408,30376,0.254787,28.188999,503.890085,240.720009,5.230000
761,831156421,36.15953,139.06125,6,2838,5175,30191,0.359966,74.982529,335.852904,269.752617,4.140000
762,185488975,34.77113,136.51875,1,291,3702,30246,0.154450,13.371981,269.001504,143.692295,4.290000
763,270955490,33.61413,130.42125,4,4,223,30048,0.402508,74.219476,690.220951,361.008492,3.750000
764,107336728,34.95625,135.77625,1,1,1,30084,0.124074,8.932315,265.183309,157.128893,3.940000
765,194156164,36.22895,139.73625,2,976,5351,30236,0.227666,22.870051,200.598984,172.327372,4.550000
766,78944396,34.90997,137.17125,1,550,1027,30407,0.392424,24.869106,217.030435,47.673952,5.740000
767,2194385046,36.34465,139.39875,2,13,13,29702,0.215726,14.139193,170.749915,140.930411,3.570000
768,101497693,33.59099,130.39875,6,6,6,30302,0.286657,30.109304,639.765200,282.247460,4.810000
769,145918110,34.95625,135.77625,1,1,1,30397,0.179411,14.978699,263.935898,156.366880,5.280000
770,808682424,34.93311,135.75375,1,1,174,30177,0.345311,59.340419,312.597969,297.393029,4.180000
771,2576161130,35.78929,139.46625,4,235,306,30034,0.336976,35.307947,248.802251,261.795060,3.590000
772,477520758,35.62731,139.57875,2,28,328,30296,0.610085,42.083049,123.077596,164.535389,4.950000
773,412008722,26.25561,127.69875,78,78,777,30119,0.560452,95.825192,1412.973428,352.218934,4.250000
774,1237323084,35.53475,139.44375,2,57,57,30128,0.243978,20.014923,212.325360,260.079457,4.420000
775,1218818054,34.74799,135.59625,1,3,61,29593,0.332445,36.609688,250.324935,194.116362,3.780000
776,127773763,35.74301,139.64625,4,4,252,30030,0.149073,31.122817,247.325761,275.286868,4.380000
777,299619083,34.47031,135.50625,1,55,737,30232,0.337436,73.137919,331.372475,310.551769,4.820000
778,903761520,35.07195,136.90125,1,108,1076,29964,0.258663,33.419246,245.022614,140.969797,3.910000
779,432138961,35.90499,140.50125,5,3725,3725,30026,0.210717,44.690593,318.820120,281.889056,3.830000
780,903136488,33.29017,131.50125,5,443,443,30359,0.334325,28.166870,574.295729,241.420032,4.790000
781,516690595,35.11823,137.14875,1,199,2652,30167,0.424178,94.580291,315.886945,254.447904,4.070000
782,537728897,37.75619,139.01625,140,3373,3373,30161,0.445847,53.670646,391.813234,199.573800,4.350000
783,1915110841,35.48847,139.51125,2,63,2471,29944,0.244597,15.700483,130.437794,153.655369,3.880000
784,252351739,34.70171,137.73375,16,23,23,29300,0.362595,37.137024,232.055498,76.254936,2.040000
785,1220671362,32.91993,130.80375,4,926,4558,29972,0.267095,29.425384,639.791808,261.129023,3.730000
786,5786882,35.60417,139.46625,1,24,1266,30433,0.517776,23.543703,91.765704,133.405780,5.550000
787,1293784609,31.60095,130.53375,27,132,1308,30240,0.448725,57.740031,738.084463,248.218978,4.650000
788,111283593,34.40089,132.46875,30,30,30,30401,0.182270,14.696646,513.829373,200.445103,5.610000
789,4319731,35.78929,139.62375,1,40,238,30362,0.516372,27.407853,125.174383,168.713954,5.330000
790,1394146176,34.88683,135.39375,1,209,845,30100,0.314472,49.103064,260.918173,191.589172,4.090000
791,2396974512,35.00253,136.87875,1,731,731,30210,0.273678,24.872498,245.705000,141.677608,4.620000
792,965901336,38.26527,140.86125,12,12,38,30415,0.209771,26.401437,513.115069,226.016347,5.130000
793,1140117558,31.94805,131.43375,33,359,554,29899,0.148462,10.930970,693.264529,232.978949,3.660000
794,560813702,26.25561,127.76625,72,88,338,30206,0.279436,37.667840,1340.204839,229.147279,4.450000
795,1139686620,35.25707,139.12875,1,76,704,29634,1.857666,39.662868,97.023340,79.922846,2.430000
796,239634751,39.97763,141.85125,43,5997,6558,30173,0.124417,14.957835,673.868246,227.832995,4.060000
797,1624207495,33.56785,130.44375,4,4,337,30070,0.186116,25.212447,636.832513,279.969123,4.080000
798,950748314,35.53475,139.55625,4,25,1903,30196,0.227299,22.547484,247.041485,264.169383,4.530000
799,1246140691,35.97441,139.69125,2,46,4998,30266,0.194083,15.488442,226.460513,273.958758,4.570000
800,1686086052,33.31331,130.55625,4,240,421,30259,0.424617,42.416065,639.116180,273.346947,4.490000
801,498881213,35.78929,139.91625,4,192,547,30267,0.513882,54.091953,264.827504,281.661039,4.810000
802,1498181382,34.70171,135.57375,1,2,61,30066,0.297365,36.289746,250.959268,196.001069,3.970000
803,2521911403,35.95127,140.45625,4,3751,4534,30080,0.194323,18.373199,316.740476,281.380410,4.240000
804,1687260488,34.84055,135.50625,1,33,671,29870,0.342025,46.092803,254.252541,192.907708,3.650000
805,428913637,35.11823,138.88125,5,492,1270,30228,0.251046,31.124133,251.061498,206.205895,4.400000
806,1225800728,38.28841,140.97375,20,20,1527,30105,0.341723,62.397606,534.767191,231.545017,4.130000
807,2213174022,33.86867,130.71375,4,115,115,30129,0.198681,25.234256,610.535992,264.039622,3.990000
808,997248697,35.32649,139.42125,2,280,843,30280,0.159210,12.040631,220.556302,249.978497,4.860000
809,388709385,35.11823,136.74375,1,304,591,29852,0.613742,59.539531,245.748891,143.205333,3.150000
810,620743119,35.04881,136.58625,1,577,5386,30278,0.325873,47.413583,245.133489,147.497607,4.760000
811,2482965084,36.02069,140.27625,1,673,721,30081,0.599382,70.392366,377.710182,234.120472,3.810000
812,2611526665,34.95625,135.77625,1,1,1,29981,0.137158,11.073064,247.658237,183.440236,3.940000
813,2295321540,35.23393,139.66875,2,209,1886,30237,0.180783,12.735257,148.141466,148.409179,4.630000
814,377686692,43.00897,144.39375,1,1,1,21212,0.928368,29.387539,538.976462,433.296712,0.350000
815,551767764,37.77933,138.90375,15,3266,3266,30305,0.219470,16.888595,369.994772,198.083149,5.020000
816,225271347,37.06199,138.38625,122,3167,3167,30064,0.210494,18.898697,324.119870,183.334854,4.050000
817,1588587295,35.62731,139.66875,5,5,212,30265,0.345777,43.013896,246.038390,275.443937,5.310000
818,1937334470,34.65543,135.84375,1,183,1140,30033,0.214397,27.629654,249.782130,182.785491,4.220000
819,852733124,34.95625,136.13625,1,904,904,30247,0.269100,25.034748,245.948330,166.101982,4.530000
820,2880156192,34.95625,135.77625,1,1,1,29616,0.116557,8.890198,280.211701,172.536732,3.040000
821,210585103,35.74301,139.57875,2,40,352,30477,0.452622,39.012134,209.670472,274.033226,5.770000
822,468190588,35.81243,139.46625,2,221,2328,30146,0.131234,9.478802,214.042536,265.451085,4.180000
823,478707587,43.05525,141.31125,13,13,863,29551,0.132271,10.239289,976.302593,179.278007,3.670000
824,197858976,34.63229,135.05625,1,287,287,30247,1.863051,82.014267,292.943617,181.603361,4.820000
825,810013951,38.26527,140.34375,20,77,1494,30260,0.356524,42.119919,480.760977,228.966012,4.680000
826,1224271482,34.95625,135.77625,1,1,1,29690,0.244161,18.150134,280.158061,172.509796,3.300000
827,740636119,34.77113,135.39375,1,77,713,29948,0.267048,39.077949,259.296063,195.724837,4.130000
828,1547528617,33.75297,130.48875,4,123,1480,30209,0.275745,40.424029,629.396287,274.218922,4.570000
829,1416418477,35.58103,139.69125,3,5,224,29957,0.155876,12.975718,210.470983,277.550966,3.420000
830,1404866304,36.55291,136.63125,3,86,1013,30140,0.171032,21.476417,274.161868,136.591870,3.780000
831,156116621,34.79427,134.71875,1,318,1597,30163,0.528297,83.510335,367.626916,297.287133,4.240000
832,823038973,34.70171,135.50625,1,2,2,30013,0.202551,20.594764,252.881763,199.060358,3.450000
833,1927213934,26.16305,127.67625,69,69,1724,30148,0.478254,60.161972,1353.712868,229.404566,4.350000
834,590171725,35.74301,139.44375,5,173,1025,29930,0.299936,35.940281,246.536260,260.891985,3.930000
835,326781486,33.84553,132.76125,43,91,91,30474,0.391207,28.749836,552.128660,178.114499,5.950000
836,1335744325,33.59099,130.35375,4,4,143,29692,0.394976,70.049399,696.284274,361.972891,3.670000
837,143001002,35.69673,139.57875,1,18,18,29440,0.391876,18.603412,167.033245,262.689158,2.580000
838,860553842,34.65543,135.55125,1,2,98,30291,0.349197,60.511763,318.468596,312.236924,4.600000
839,370089043,35.69673,139.69125,2,2,2,30097,0.144531,25.621436,245.939436,278.789632,3.780000
840,274009614,35.60417,139.73625,1,2,35,30013,0.472438,13.931708,84.024516,149.175792,4.090000
841,1950837854,35.62731,139.46625,3,148,1370,30281,0.288818,36.171951,245.156383,261.005074,4.790000
842,183998737,34.86369,135.68625,1,67,435,30362,0.224736,20.158786,200.029178,178.791697,5.540000
843,1853052654,34.95625,135.77625,1,1,1,30134,0.133633,10.014257,280.211701,172.536732,4.440000
844,1695565706,38.38097,140.86125,21,800,2885,29974,0.210438,39.316149,535.339761,227.943237,3.910000
845,470840964,35.34963,139.53375,4,342,759,30299,0.244657,34.150107,253.457597,253.773423,4.830000
846,877052557,34.58601,135.57375,1,6,346,29950,0.265890,30.010863,255.362220,193.983414,4.390000
847,109616151,35.60417,139.35375,1,59,132,29772,0.631813,23.355924,87.660167,108.831375,3.020000
848,1050435781,34.65543,135.46125,1,2,38,30207,0.349938,60.525815,256.019020,198.399654,4.130000
849,534189998,35.69673,139.89375,4,42,340,30234,0.313643,37.952038,259.708764,282.263409,4.480000
850,520239329,35.62731,139.57875,5,60,618,30108,0.268883,52.906234,327.384993,309.860478,4.190000
851,1247711000,33.31331,130.53375,4,281,281,29957,0.307142,53.073295,695.813680,359.471693,3.710000
852,111235449,35.32649,139.39875,1,124,186,30552,0.454662,31.154926,125.093748,123.624943,6.080000
853,2371936814,33.59099,131.18625,4,1051,1051,30168,0.431337,50.880713,584.126324,251.174140,4.410000
854,566376654,35.07195,135.77625,1,17,936,30281,0.198872,31.650290,224.600240,178.075439,4.310000
855,45038752,33.56785,133.63875,44,135,3065,30276,0.139075,10.270978,460.631516,178.598657,4.900000
856,98408204,35.71987,139.71375,1,1,5,29860,0.363698,20.630950,80.362220,151.427503,3.890000
857,1057627376,35.78929,140.02875,3,166,1369,27608,0.015889,1.119800,234.113388,285.583509,1.350000
858,1710353929,35.78929,139.80375,2,22,216,30344,0.215961,17.919678,216.729858,283.926042,5.040000
859,1670907936,34.74799,134.85375,1,449,449,30438,0.338435,37.700263,297.494737,188.545876,5.650000
860,137919356,35.00253,135.73125,1,4,30,29970,0.200242,14.011506,161.110252,169.730147,3.480000
861,1632405654,42.33791,141.01875,14,922,1581,30479,0.361994,36.390658,895.434108,182.087039,6.040000
862,106075052,35.69673,139.78125,2,2,2,29247,0.734246,75.051316,250.328598,281.830454,3.220000
863,1863593366,34.77113,135.50625,1,3,28,30200,0.262288,50.634191,318.281163,309.030668,4.310000
864,907151527,35.81243,139.78125,5,27,602,29805,0.475192,51.210404,256.741498,279.024211,4.420000
865,200506471,34.56287,135.84375,1,455,2724,30428,0.290653,26.277835,253.390454,181.793750,5.220000
866,1684903886,34.72485,134.87625,1,160,724,30079,0.399460,29.067543,270.631955,184.501389,4.000000
867,730776672,36.20581,139.71375,2,1592,1592,29872,0.189627,14.962384,245.845625,267.250770,4.750000
868,725253583,35.74301,139.78125,5,5,113,29886,0.438224,38.522325,252.332579,281.160241,3.810000
869,1464904231,36.27523,139.82625,5,537,3695,30148,0.338643,47.597247,292.257560,265.238368,4.110000
870,14915555,35.21079,137.03625,1,112,1523,30076,0.131135,10.263920,193.310360,78.075884,4.040000
871,547316524,36.29837,139.46625,5,739,2881,30234,0.224947,31.405151,280.703347,250.420168,4.610000
872,2308415322,35.48847,139.42125,5,95,1171,30147,0.398232,39.799452,247.021854,253.230119,4.140000
873,2419676251,32.78109,130.73625,4,26,465,29904,0.255240,26.574262,651.964933,261.010705,4.060000
874,1440736902,36.34465,139.21875,2,955,2817,30031,0.218279,14.961148,249.112776,240.241229,4.570000
875,1051330651,36.32151,139.60125,5,1058,1058,30264,0.453690,49.280571,286.561563,255.699904,4.330000
876,2603707591,35.67359,140.02875,4,158,289,30038,0.201247,16.557209,271.403429,281.923284,3.970000
877,2744320111,34.74799,135.48375,1,2,156,29999,0.369825,40.201494,253.933408,196.951856,4.140000
878,99198842,34.67857,135.50625,1,2,3,30299,0.205529,16.639176,244.553881,190.861149,4.820000
879,430299142,36.11325,140.43375,4,3140,6532,30283,0.229706,28.901687,321.715638,279.534042,4.450000
880,1398590550,35.69673,139.78125,1,1,1,30319,0.476007,22.573038,121.323112,178.496173,4.750000
881,324897520,35.69673,139.42125,1,22,22,29985,0.240711,13.729073,128.241503,153.402656,3.930000
882,1319525364,35.23393,136.92375,1,1,994,29934,1.066838,57.243819,208.039293,197.149240,3.130000
883,427091596,34.86369,135.68625,1,60,480,29853,0.188479,15.999233,249.225392,188.336769,3.900000
884,2794629582,34.65543,135.84375,1,171,1320,29976,0.325255,41.503348,249.587659,182.651972,3.720000
885,710421990,34.77113,135.30375,1,99,5285,30221,0.265993,35.017079,265.173730,194.559851,4.750000
886,110957300,35.51161,139.62375,2,13,50,30409,0.286185,24.334478,128.135838,162.013641,5.610000
887,2255069220,35.28021,136.78875,1,590,1684,29963,0.308693,36.003382,246.754384,140.743929,3.820000
888,184351107,35.71987,140.11875,3,39,646,30540,0.287582,32.294194,294.426097,265.240892,6.020000
889,265858145,34.72485,135.43875,1,2,172,30113,0.251488,18.429371,296.259332,183.544438,4.610000
890,159047110,35.67359,139.75875,1,1,2,30284,0.268242,18.739419,122.506789,176.140207,4.460000
891,2347014920,32.78109,129.85875,4,75,75,30200,0.271393,38.501971,720.053147,276.134261,4.480000
892,126505495,35.67359,139.78125,1,1,22,29952,1.861233,44.015238,47.501493,118.764756,4.030000
893,1536116930,35.00253,135.95625,1,202,202,30269,0.160197,13.748041,228.646738,150.088358,4.530000
894,122001314,33.59099,130.39875,2,2,2,30404,0.279497,21.864257,653.462849,277.679212,5.380000
895,2356311140,35.74301,139.39875,5,192,700,29866,0.261674,40.309765,326.286181,299.152601,4.000000
896,1258956392,35.32649,136.54125,1,438,6289,30048,0.320211,58.204266,314.560994,256.852415,4.070000
897,35346553,35.53475,139.44375,2,41,41,30607,0.454099,34.474629,129.796539,150.862470,6.450000
898,524429726,36.09011,140.20875,5,641,641,30011,0.449006,65.495632,303.338529,278.042467,3.760000
899,93229519,35.69673,139.69125,1,1,2,30255,0.307956,14.748673,80.037510,150.305369,4.680000
900,2255855869,35.65045,139.33125,2,49,50,29942,0.115725,9.485844,150.528196,144.034179,3.360000
901,163513470,35.76615,139.66875,4,4,261,30176,0.293561,26.311302,210.303437,279.629943,4.060000
902,366970799,34.67857,133.93125,2,124,157,30245,0.185917,18.107447,364.611382,183.333513,4.540000
903,361353259,34.51659,135.43875,1,45,213,30331,0.490277,40.596511,264.479035,193.686745,5.000000
904,857476446,36.55291,139.96125,5,255,6808,30111,0.281215,25.374529,320.174086,260.641926,4.070000
905,1256837143,35.85871,139.30875,5,898,1880,30038,0.306350,34.821772,250.733729,250.604493,4.070000
906,929243695,34.70171,135.77625,1,171,369,30088,0.405088,48.526568,248.782730,186.237221,4.190000
907,108821710,32.80423,130.78125,8,24,720,30464,0.177896,15.322741,647.955060,260.624614,5.570000
908,3934971,35.67359,139.75875,2,2,3,30378,0.268285,21.633815,208.561276,284.771724,5.150000
909,477557467,34.26205,135.10125,1,344,3666,30198,0.506972,61.612447,296.654373,186.026308,4.500000
910,438356794,38.26527,140.88375,16,16,16,29924,0.115621,11.013102,473.719010,243.468068,3.350000
911,1116872408,35.53475,139.53375,5,98,731,30189,0.346754,54.078766,246.741792,262.736978,4.630000
912,996250950,37.10827,138.25125,149,1653,2161,30152,0.320179,48.649968,326.595715,177.070767,3.960000
913,144066163,36.66861,138.25125,45,456,4033,30504,0.318114,27.280177,277.910157,183.641311,6.130000
914,104460206,35.67359,139.82625,5,8,148,30344,0.560559,74.544606,253.481392,282.006203,5.100000
915,1892319138,35.78929,139.66875,2,9,493,30399,0.382678,34.277647,211.861856,278.979650,5.390000
916,968139666,35.69673,139.64625,4,4,151,30141,0.250791,31.713409,245.644658,275.639185,4.780000
917,727068506,35.46533,136.72125,1,442,2665,30191,0.291811,39.625026,250.412346,139.070666,4.450000
918,1057827361,35.46533,135.41625,1,1539,5170,30047,0.394939,37.465826,278.475638,163.719913,3.750000
919,523269367,33.59099,130.42125,2,2,7,30025,0.246809,23.704308,572.567368,324.252021,3.590000
920,84995804,34.84055,135.50625,1,34,378,30210,0.202637,10.659827,206.866121,185.124812,4.720000
921,81123161,35.78929,139.30875,1,183,1362,30316,0.654070,26.164988,92.539885,107.261012,4.780000
922,295634180,40.90323,143.40375,2440,0,0,21567,0.364755,24.811016,879.929716,307.867398,0.200000
923,295531868,38.31155,141.89625,5,0,0,23777,0.445702,37.516491,594.522912,325.249883,0.350000
924,1385985181,34.79427,135.43875,1,27,463,30041,0.358008,48.775293,256.849911,195.184821,3.860000
925,525350820,34.65543,135.59625,1,2,29,30025,0.209308,39.394611,318.024326,310.725522,4.040000
926,2527686109,34.81741,137.01375,1,1891,3971,30025,0.198146,17.448208,247.946433,140.100475,3.710000
927,94115087,34.97939,138.38625,1,33,33,30152,1.619146,69.549403,153.726093,37.593910,4.030000
928,2309629682,31.92491,131.41125,28,283,283,29929,0.626626,57.330935,657.454991,232.658806,4.040000
929,143189903,34.70171,135.50625,1,1,1,30313,0.286925,37.542327,252.555964,198.818741,4.980000
930,134096994,35.55789,139.78125,1,18,26,30186,0.264908,21.517852,215.049547,279.584323,4.450000
931,1263321306,34.70171,135.57375,1,2,56,30077,0.447268,73.805300,251.155560,196.147148,4.130000
932,981444350,37.70991,140.41125,20,374,5921,30038,0.192838,39.327325,472.581401,236.400643,4.120000
933,238215502,34.88683,135.79875,1,1,575,30344,0.352573,48.094598,247.179911,183.775883,4.930000
934,1312009760,35.37277,139.64625,5,96,2056,30115,0.254202,25.818474,255.704012,260.691690,4.240000
935,1271857202,35.65045,139.62375,4,4,127,30079,0.216364,34.858472,245.333398,273.155970,3.810000
936,361164098,35.60417,138.97125,2,1410,5202,30384,0.300210,25.558839,219.330648,228.397340,5.330000
937,852406610,43.07839,141.49125,8,204,390,29767,0.240379,53.648129,901.534953,344.456767,2.790000
938,461149232,35.44219,139.64625,5,14,91,30206,0.274905,37.432097,252.806120,264.315306,4.330000
939,540082670,36.11325,139.35375,5,698,1723,30062,0.309213,50.077801,265.180869,249.345280,3.890000
940,1962018589,34.65543,135.46125,1,2,55,30152,0.306718,32.620043,256.019020,198.399654,4.610000
941,124765300,35.95127,139.87125,2,607,1557,30402,0.279412,19.311706,232.206946,280.412273,5.280000
942,793139046,35.32649,139.30875,5,134,1335,30320,0.224224,25.914663,249.893902,239.779985,4.380000
943,1572872712,42.84699,141.62625,10,487,728,30272,0.256721,40.634019,886.966320,336.582264,4.710000
944,197311532,35.76615,139.69125,3,3,213,30301,0.323921,27.970538,210.536542,280.866683,5.120000
945,448148724,36.55291,136.36125,155,0,0,30065,0.098339,7.964876,307.766414,120.137304,3.950000
946,146249791,41.80569,140.74875,13,596,596,30366,0.608805,52.669415,810.609345,186.229424,5.360000
947,3998731,34.79427,136.15875,1,1523,5928,30221,0.225080,25.533553,172.405048,134.269164,4.450000
948,116826055,34.81741,135.41625,1,45,248,29652,0.440041,43.344528,258.932560,194.649772,3.070000
949,1294752846,35.69673,139.71375,2,2,12,30240,0.261792,22.329246,207.166120,283.355436,4.570000
950,22751923,38.26527,140.88375,10,10,10,30432,0.311886,25.396442,355.807661,168.600818,5.450000
951,2159012456,36.09011,140.11875,2,374,987,30117,0.212010,14.276826,257.374509,280.782712,4.390000
952,2789411070,33.22075,131.65875,4,202,607,30133,0.358819,37.920274,566.131558,235.601817,4.260000
953,345981169,35.74301,139.71375,3,3,22,29205,0.236134,22.322803,248.776296,279.126289,2.920000
954,524585710,33.42901,129.52125,8,4972,4972,30211,0.209376,17.085677,762.705482,285.590321,4.600000
955,555102865,35.69673,139.93875,2,118,663,30201,0.272597,25.733473,223.832356,285.598420,4.490000
956,1568771612,34.95625,136.85625,1,919,2793,30068,0.317591,53.300647,315.900256,263.010981,4.040000
957,1627823294,34.95625,135.77625,1,1,1,30055,0.173360,15.141974,280.211701,172.536732,3.800000
958,633599751,35.90499,139.78125,5,335,762,30228,0.190069,24.326063,263.061793,275.951562,4.450000
959,901226779,43.00897,144.41625,165,165,1759,29887,0.572319,53.995742,1092.471458,218.259298,3.920000
960,1137069242,33.84553,130.87125,4,248,248,30273,0.373527,46.673190,599.499362,259.241173,4.740000
961,164186489,34.88683,137.10375,1,86,1571,30233,0.970770,69.304782,219.122036,186.064621,4.420000
962,1386730068,34.72485,135.23625,1,12,123,30266,0.178969,20.881151,268.913549,193.372737,4.430000
963,19185818,34.35461,132.35625,15,59,2132,30307,0.270166,23.675576,570.197390,176.708698,4.600000
964,1072393207,34.67857,135.03375,1,198,281,30234,0.272421,48.487968,348.628363,305.195915,4.420000
965,740479524,35.00253,136.51875,1,79,126,29327,0.138642,14.975420,313.079642,269.571982,2.080000
966,2440821031,35.81243,140.00625,4,177,3497,30051,0.326846,41.394474,273.593872,281.424337,4.150000
967,309512335,37.59421,140.43375,18,1022,1022,30450,0.388312,33.312928,427.270398,245.389603,5.470000
968,945452156,43.10153,141.35625,12,12,448,29996,0.221696,25.927113,982.130610,179.627595,4.450000
969,1138398474,36.90001,140.77125,22,726,4180,30184,0.206627,18.378033,393.546738,267.443425,4.750000
970,2240658498,35.76615,139.37625,5,167,4615,30195,0.305208,42.052512,247.421676,255.793372,4.410000
971,42553433,35.67359,139.75875,1,1,3,28360,0.258873,15.044981,123.644098,182.234563,1.220000
972,283867568,33.12819,129.79125,4,664,3306,30324,0.313126,53.304061,763.567534,362.261902,4.890000
973,229401784,35.00253,135.95625,1,156,156,30183,0.363425,30.979230,247.055735,173.325344,4.420000
974,298932113,35.67359,139.87125,1,1,90,30096,0.348038,17.434080,89.237047,153.333303,3.780000
975,287995301,35.00253,135.77625,2,2,17,30282,0.269445,19.879684,233.714400,163.403250,5.070000
976,2383734463,36.34465,139.42125,4,831,4202,30188,0.222434,19.720747,283.468764,246.648994,4.450000
977,1021104062,34.79427,135.39375,1,109,1012,30223,0.228078,20.726391,259.994311,195.376027,4.510000
978,606212965,32.80423,130.73625,4,27,112,30190,0.176222,16.615316,650.732494,261.339383,4.180000
979,1052205690,34.72485,135.43875,1,2,157,29306,0.154110,11.462583,256.346693,197.548553,3.320000
980,2511843325,35.88185,139.64625,2,63,832,30140,0.214353,28.362830,255.700744,271.625209,4.170000
981,1411666340,33.17447,131.61375,4,265,431,30055,0.231002,27.222640,571.268239,237.038587,3.750000
982,2488002469,33.35959,131.54625,5,578,2742,29950,0.192413,15.195096,568.337443,239.832845,3.810000
983,996922388,35.37277,136.94625,1,746,987,30079,0.289193,26.096129,247.843076,138.782304,3.770000
984,233102330,31.55467,130.53375,27,118,370,30266,0.291821,34.421805,741.624704,247.962654,4.450000
985,1241077531,37.80247,140.50125,19,335,10327,30209,0.359766,56.933999,482.419377,235.137146,4.390000
986,982991659,35.65045,138.56625,4,629,940,30211,0.266653,22.843887,227.469289,201.865972,4.560000
987,1394564136,38.91319,141.10875,20,543,2377,30136,0.263956,23.085254,572.627819,231.993672,4.160000
988,575048683,34.14635,131.45625,4,675,675,30091,0.272530,37.046358,551.329773,234.139365,4.350000
989,85852088,34.72485,135.37125,1,51,108,30422,0.429004,32.155729,200.900974,175.036538,5.150000
990,1603935888,34.81741,134.69625,1,345,345,30172,0.557888,68.114411,307.719187,185.244812,4.440000
991,2170191612,36.39093,139.35375,5,733,2168,29960,0.330989,35.210225,284.842983,242.604496,3.640000
992,847076682,34.95625,135.77625,1,1,1,30091,0.170198,12.454577,280.211701,172.536732,3.950000
993,341445013,35.71987,140.34375,2,434,2002,30231,0.288682,23.704967,260.269662,285.469077,4.480000
994,472874619,36.32151,139.01625,3,45,45,30299,0.196488,22.072808,262.470048,223.102957,4.690000
995,203535046,35.69673,139.57875,1,34,39,30226,0.226081,23.642115,208.424348,274.026051,4.640000
996,132883244,35.30335,136.78875,1,457,457,30529,0.343513,30.570065,175.714676,101.706936,6.030000
997,601778627,44.00399,144.25875,160,1013,1013,30451,0.521290,55.196714,1175.425639,206.309414,5.330000
998,711465924,35.60417,140.14125,5,156,1658,30140,0.373188,62.170248,281.815199,280.113541,3.860000
999,241518702,35.51161,139.55625,1,1,232,29831,1.410069,61.077594,101.366842,128.220415,2.760000
1000,718616575,34.44717,135.48375,1,35,1431,29853,0.226112,34.984043,240.550341,186.438531,3.430000
